mode: atomic
github.com/redis/rueidis/rueidiscompat/adapter.go:641.48,643.2 1 68
github.com/redis/rueidis/rueidiscompat/adapter.go:645.55,647.2 1 195
github.com/redis/rueidis/rueidiscompat/adapter.go:649.64,653.2 3 5
github.com/redis/rueidis/rueidiscompat/adapter.go:661.84,663.25 2 7
github.com/redis/rueidis/rueidiscompat/adapter.go:663.25,665.3 1 1
github.com/redis/rueidis/rueidiscompat/adapter.go:665.8,665.33 1 6
github.com/redis/rueidis/rueidiscompat/adapter.go:665.33,667.3 1 1
github.com/redis/rueidis/rueidiscompat/adapter.go:667.8,667.32 1 5
github.com/redis/rueidis/rueidiscompat/adapter.go:667.32,669.3 1 1
github.com/redis/rueidis/rueidiscompat/adapter.go:669.8,671.3 1 4
github.com/redis/rueidis/rueidiscompat/adapter.go:672.2,672.32 1 7
github.com/redis/rueidis/rueidiscompat/adapter.go:675.87,679.2 3 7
github.com/redis/rueidis/rueidiscompat/adapter.go:681.92,685.2 3 5
github.com/redis/rueidis/rueidiscompat/adapter.go:687.64,691.2 3 5
github.com/redis/rueidis/rueidiscompat/adapter.go:693.68,697.2 3 17
github.com/redis/rueidis/rueidiscompat/adapter.go:699.55,703.2 3 25
github.com/redis/rueidis/rueidiscompat/adapter.go:705.55,709.2 3 5
github.com/redis/rueidis/rueidiscompat/adapter.go:711.67,715.2 3 16
github.com/redis/rueidis/rueidiscompat/adapter.go:717.70,721.2 3 5
github.com/redis/rueidis/rueidiscompat/adapter.go:723.67,727.2 3 9
github.com/redis/rueidis/rueidiscompat/adapter.go:729.70,733.2 3 15
github.com/redis/rueidis/rueidiscompat/adapter.go:735.90,739.2 3 14
github.com/redis/rueidis/rueidiscompat/adapter.go:741.90,745.2 3 5
github.com/redis/rueidis/rueidiscompat/adapter.go:746.75,750.2 3 4
github.com/redis/rueidis/rueidiscompat/adapter.go:752.92,756.2 3 6
github.com/redis/rueidis/rueidiscompat/adapter.go:758.92,762.2 3 5
github.com/redis/rueidis/rueidiscompat/adapter.go:764.92,768.2 3 5
github.com/redis/rueidis/rueidiscompat/adapter.go:770.92,774.2 3 5
github.com/redis/rueidis/rueidiscompat/adapter.go:776.76,779.60 3 9
github.com/redis/rueidis/rueidiscompat/adapter.go:779.60,781.17 2 9
github.com/redis/rueidis/rueidiscompat/adapter.go:781.17,785.4 3 6
github.com/redis/rueidis/rueidiscompat/adapter.go:786.3,786.13 1 9
github.com/redis/rueidis/rueidiscompat/adapter.go:788.2,788.12 1 9
github.com/redis/rueidis/rueidiscompat/adapter.go:791.128,795.2 3 5
github.com/redis/rueidis/rueidiscompat/adapter.go:797.75,801.2 3 5
github.com/redis/rueidis/rueidiscompat/adapter.go:803.74,807.2 3 5
github.com/redis/rueidis/rueidiscompat/adapter.go:809.77,813.2 3 5
github.com/redis/rueidis/rueidiscompat/adapter.go:815.79,819.2 3 5
github.com/redis/rueidis/rueidiscompat/adapter.go:820.68,824.2 3 5
github.com/redis/rueidis/rueidiscompat/adapter.go:826.96,830.2 3 6
github.com/redis/rueidis/rueidiscompat/adapter.go:832.103,836.2 3 6
github.com/redis/rueidis/rueidiscompat/adapter.go:838.76,842.2 3 4
github.com/redis/rueidis/rueidiscompat/adapter.go:844.69,848.2 3 10
github.com/redis/rueidis/rueidiscompat/adapter.go:850.60,854.2 3 7
github.com/redis/rueidis/rueidiscompat/adapter.go:856.77,860.2 3 5
github.com/redis/rueidis/rueidiscompat/adapter.go:862.77,866.2 3 5
github.com/redis/rueidis/rueidiscompat/adapter.go:868.113,872.2 3 5
github.com/redis/rueidis/rueidiscompat/adapter.go:874.120,878.2 3 5
github.com/redis/rueidis/rueidiscompat/adapter.go:880.70,882.19 2 26
github.com/redis/rueidis/rueidiscompat/adapter.go:882.19,884.3 1 3
github.com/redis/rueidis/rueidiscompat/adapter.go:885.2,885.41 1 26
github.com/redis/rueidis/rueidiscompat/adapter.go:885.41,887.3 1 8
github.com/redis/rueidis/rueidiscompat/adapter.go:888.2,888.31 1 26
github.com/redis/rueidis/rueidiscompat/adapter.go:888.31,890.3 1 4
github.com/redis/rueidis/rueidiscompat/adapter.go:891.2,891.53 1 26
github.com/redis/rueidis/rueidiscompat/adapter.go:892.21,893.24 1 5
github.com/redis/rueidis/rueidiscompat/adapter.go:894.10,894.10 0 19
github.com/redis/rueidis/rueidiscompat/adapter.go:895.10,896.58 1 2
github.com/redis/rueidis/rueidiscompat/adapter.go:898.2,898.16 1 24
github.com/redis/rueidis/rueidiscompat/adapter.go:898.16,900.3 1 3
github.com/redis/rueidis/rueidiscompat/adapter.go:901.2,901.12 1 24
github.com/redis/rueidis/rueidiscompat/adapter.go:904.83,907.2 2 11
github.com/redis/rueidis/rueidiscompat/adapter.go:909.85,912.2 2 5
github.com/redis/rueidis/rueidiscompat/adapter.go:914.87,917.2 2 5
github.com/redis/rueidis/rueidiscompat/adapter.go:919.87,922.2 2 5
github.com/redis/rueidis/rueidiscompat/adapter.go:924.69,928.2 3 5
github.com/redis/rueidis/rueidiscompat/adapter.go:930.68,934.2 3 30
github.com/redis/rueidis/rueidiscompat/adapter.go:936.67,940.2 3 9
github.com/redis/rueidis/rueidiscompat/adapter.go:942.73,946.2 3 7
github.com/redis/rueidis/rueidiscompat/adapter.go:948.64,952.2 3 7
github.com/redis/rueidis/rueidiscompat/adapter.go:954.83,958.2 3 5
github.com/redis/rueidis/rueidiscompat/adapter.go:960.66,964.2 3 149
github.com/redis/rueidis/rueidiscompat/adapter.go:966.89,970.2 3 11
github.com/redis/rueidis/rueidiscompat/adapter.go:972.80,976.2 3 5
github.com/redis/rueidis/rueidiscompat/adapter.go:980.94,982.20 2 6
github.com/redis/rueidis/rueidiscompat/adapter.go:982.20,983.29 1 5
github.com/redis/rueidis/rueidiscompat/adapter.go:983.29,985.4 1 1
github.com/redis/rueidis/rueidiscompat/adapter.go:985.9,987.4 1 4
github.com/redis/rueidis/rueidiscompat/adapter.go:988.8,990.3 1 1
github.com/redis/rueidis/rueidiscompat/adapter.go:991.2,991.27 1 6
github.com/redis/rueidis/rueidiscompat/adapter.go:994.69,998.2 3 4
github.com/redis/rueidis/rueidiscompat/adapter.go:1000.64,1004.2 3 7
github.com/redis/rueidis/rueidiscompat/adapter.go:1006.83,1010.2 3 5
github.com/redis/rueidis/rueidiscompat/adapter.go:1012.92,1016.2 3 9
github.com/redis/rueidis/rueidiscompat/adapter.go:1018.70,1022.2 3 9
github.com/redis/rueidis/rueidiscompat/adapter.go:1024.70,1028.36 3 12
github.com/redis/rueidis/rueidiscompat/adapter.go:1028.36,1030.3 1 31
github.com/redis/rueidis/rueidiscompat/adapter.go:1031.2,1034.27 3 12
github.com/redis/rueidis/rueidiscompat/adapter.go:1037.70,1041.36 3 9
github.com/redis/rueidis/rueidiscompat/adapter.go:1041.36,1043.3 1 19
github.com/redis/rueidis/rueidiscompat/adapter.go:1044.2,1047.25 3 9
github.com/redis/rueidis/rueidiscompat/adapter.go:1057.103,1059.20 2 3210
github.com/redis/rueidis/rueidiscompat/adapter.go:1059.20,1060.29 1 14
github.com/redis/rueidis/rueidiscompat/adapter.go:1060.29,1062.4 1 2
github.com/redis/rueidis/rueidiscompat/adapter.go:1062.9,1064.4 1 12
github.com/redis/rueidis/rueidiscompat/adapter.go:1065.8,1065.34 1 3196
github.com/redis/rueidis/rueidiscompat/adapter.go:1065.34,1067.3 1 1
github.com/redis/rueidis/rueidiscompat/adapter.go:1067.8,1069.3 1 3195
github.com/redis/rueidis/rueidiscompat/adapter.go:1070.2,1070.27 1 3210
github.com/redis/rueidis/rueidiscompat/adapter.go:1073.92,1075.15 2 29
github.com/redis/rueidis/rueidiscompat/adapter.go:1075.15,1077.3 1 1
github.com/redis/rueidis/rueidiscompat/adapter.go:1078.2,1078.26 1 29
github.com/redis/rueidis/rueidiscompat/adapter.go:1078.26,1080.3 1 2
github.com/redis/rueidis/rueidiscompat/adapter.go:1081.2,1081.15 1 29
github.com/redis/rueidis/rueidiscompat/adapter.go:1081.15,1082.24 1 9
github.com/redis/rueidis/rueidiscompat/adapter.go:1082.24,1084.4 1 8
github.com/redis/rueidis/rueidiscompat/adapter.go:1084.9,1086.4 1 1
github.com/redis/rueidis/rueidiscompat/adapter.go:1088.2,1088.47 1 29
github.com/redis/rueidis/rueidiscompat/adapter.go:1089.18,1090.23 1 16
github.com/redis/rueidis/rueidiscompat/adapter.go:1091.10,1091.10 0 11
github.com/redis/rueidis/rueidiscompat/adapter.go:1092.10,1093.57 1 2
github.com/redis/rueidis/rueidiscompat/adapter.go:1095.2,1095.11 1 27
github.com/redis/rueidis/rueidiscompat/adapter.go:1095.11,1097.3 1 6
github.com/redis/rueidis/rueidiscompat/adapter.go:1098.2,1099.27 2 27
github.com/redis/rueidis/rueidiscompat/adapter.go:1102.105,1106.2 3 5
github.com/redis/rueidis/rueidiscompat/adapter.go:1108.103,1111.20 2 16
github.com/redis/rueidis/rueidiscompat/adapter.go:1112.9,1113.83 1 4
github.com/redis/rueidis/rueidiscompat/adapter.go:1114.15,1115.96 1 1
github.com/redis/rueidis/rueidiscompat/adapter.go:1116.10,1117.29 1 11
github.com/redis/rueidis/rueidiscompat/adapter.go:1117.29,1119.4 1 4
github.com/redis/rueidis/rueidiscompat/adapter.go:1119.9,1121.4 1 7
github.com/redis/rueidis/rueidiscompat/adapter.go:1124.2,1124.25 1 16
github.com/redis/rueidis/rueidiscompat/adapter.go:1127.103,1129.20 2 18
github.com/redis/rueidis/rueidiscompat/adapter.go:1129.20,1130.29 1 13
github.com/redis/rueidis/rueidiscompat/adapter.go:1130.29,1132.4 1 4
github.com/redis/rueidis/rueidiscompat/adapter.go:1132.9,1134.4 1 9
github.com/redis/rueidis/rueidiscompat/adapter.go:1135.8,1135.34 1 5
github.com/redis/rueidis/rueidiscompat/adapter.go:1135.34,1137.3 1 1
github.com/redis/rueidis/rueidiscompat/adapter.go:1137.8,1139.3 1 4
github.com/redis/rueidis/rueidiscompat/adapter.go:1140.2,1140.25 1 18
github.com/redis/rueidis/rueidiscompat/adapter.go:1143.96,1147.2 3 5
github.com/redis/rueidis/rueidiscompat/adapter.go:1149.66,1153.2 3 7
github.com/redis/rueidis/rueidiscompat/adapter.go:1155.111,1157.13 2 6
github.com/redis/rueidis/rueidiscompat/adapter.go:1157.13,1159.3 1 4
github.com/redis/rueidis/rueidiscompat/adapter.go:1159.8,1161.3 1 2
github.com/redis/rueidis/rueidiscompat/adapter.go:1162.2,1162.24 1 6
github.com/redis/rueidis/rueidiscompat/adapter.go:1165.80,1169.2 3 9
github.com/redis/rueidis/rueidiscompat/adapter.go:1171.93,1175.2 3 6
github.com/redis/rueidis/rueidiscompat/adapter.go:1177.88,1180.21 2 11
github.com/redis/rueidis/rueidiscompat/adapter.go:1180.21,1183.3 2 2
github.com/redis/rueidis/rueidiscompat/adapter.go:1185.2,1185.25 1 9
github.com/redis/rueidis/rueidiscompat/adapter.go:1185.25,1188.3 2 7
github.com/redis/rueidis/rueidiscompat/adapter.go:1190.2,1190.23 1 2
github.com/redis/rueidis/rueidiscompat/adapter.go:1191.25,1192.115 1 1
github.com/redis/rueidis/rueidiscompat/adapter.go:1193.24,1194.114 1 1
github.com/redis/rueidis/rueidiscompat/adapter.go:1196.2,1196.24 1 2
github.com/redis/rueidis/rueidiscompat/adapter.go:1199.88,1203.2 3 5
github.com/redis/rueidis/rueidiscompat/adapter.go:1205.87,1209.2 3 5
github.com/redis/rueidis/rueidiscompat/adapter.go:1211.88,1215.2 3 5
github.com/redis/rueidis/rueidiscompat/adapter.go:1217.84,1221.2 3 5
github.com/redis/rueidis/rueidiscompat/adapter.go:1223.91,1225.18 2 24
github.com/redis/rueidis/rueidiscompat/adapter.go:1226.9,1227.75 1 4
github.com/redis/rueidis/rueidiscompat/adapter.go:1228.9,1229.89 1 8
github.com/redis/rueidis/rueidiscompat/adapter.go:1230.9,1231.101 1 9
github.com/redis/rueidis/rueidiscompat/adapter.go:1232.10,1233.30 1 3
github.com/redis/rueidis/rueidiscompat/adapter.go:1235.2,1235.24 1 21
github.com/redis/rueidis/rueidiscompat/adapter.go:1238.106,1240.36 2 5
github.com/redis/rueidis/rueidiscompat/adapter.go:1240.36,1242.3 1 1
github.com/redis/rueidis/rueidiscompat/adapter.go:1242.8,1244.3 1 4
github.com/redis/rueidis/rueidiscompat/adapter.go:1245.2,1245.24 1 5
github.com/redis/rueidis/rueidiscompat/adapter.go:1248.86,1250.25 2 7
github.com/redis/rueidis/rueidiscompat/adapter.go:1250.25,1252.3 1 28
github.com/redis/rueidis/rueidiscompat/adapter.go:1253.2,1254.29 2 7
github.com/redis/rueidis/rueidiscompat/adapter.go:1257.88,1259.36 2 5
github.com/redis/rueidis/rueidiscompat/adapter.go:1259.36,1261.3 1 8
github.com/redis/rueidis/rueidiscompat/adapter.go:1262.2,1263.29 2 5
github.com/redis/rueidis/rueidiscompat/adapter.go:1266.95,1268.17 2 5
github.com/redis/rueidis/rueidiscompat/adapter.go:1268.17,1270.3 1 5
github.com/redis/rueidis/rueidiscompat/adapter.go:1271.2,1271.15 1 5
github.com/redis/rueidis/rueidiscompat/adapter.go:1271.15,1273.3 1 5
github.com/redis/rueidis/rueidiscompat/adapter.go:1274.2,1275.25 2 5
github.com/redis/rueidis/rueidiscompat/adapter.go:1278.115,1280.17 2 4
github.com/redis/rueidis/rueidiscompat/adapter.go:1280.17,1282.3 1 4
github.com/redis/rueidis/rueidiscompat/adapter.go:1283.2,1283.15 1 4
github.com/redis/rueidis/rueidiscompat/adapter.go:1283.15,1285.3 1 4
github.com/redis/rueidis/rueidiscompat/adapter.go:1286.2,1287.25 2 4
github.com/redis/rueidis/rueidiscompat/adapter.go:1290.108,1292.17 2 5
github.com/redis/rueidis/rueidiscompat/adapter.go:1292.17,1294.3 1 5
github.com/redis/rueidis/rueidiscompat/adapter.go:1295.2,1295.15 1 5
github.com/redis/rueidis/rueidiscompat/adapter.go:1295.15,1297.3 1 5
github.com/redis/rueidis/rueidiscompat/adapter.go:1298.2,1299.25 2 5
github.com/redis/rueidis/rueidiscompat/adapter.go:1302.108,1304.17 2 5
github.com/redis/rueidis/rueidiscompat/adapter.go:1304.17,1306.3 1 5
github.com/redis/rueidis/rueidiscompat/adapter.go:1307.2,1307.15 1 5
github.com/redis/rueidis/rueidiscompat/adapter.go:1307.15,1309.3 1 5
github.com/redis/rueidis/rueidiscompat/adapter.go:1310.2,1311.25 2 5
github.com/redis/rueidis/rueidiscompat/adapter.go:1314.116,1316.17 2 4
github.com/redis/rueidis/rueidiscompat/adapter.go:1316.17,1318.3 1 3
github.com/redis/rueidis/rueidiscompat/adapter.go:1319.2,1319.15 1 4
github.com/redis/rueidis/rueidiscompat/adapter.go:1319.15,1321.3 1 3
github.com/redis/rueidis/rueidiscompat/adapter.go:1322.2,1324.25 3 4
github.com/redis/rueidis/rueidiscompat/adapter.go:1327.108,1329.17 2 5
github.com/redis/rueidis/rueidiscompat/adapter.go:1329.17,1331.3 1 5
github.com/redis/rueidis/rueidiscompat/adapter.go:1332.2,1332.15 1 5
github.com/redis/rueidis/rueidiscompat/adapter.go:1332.15,1334.3 1 5
github.com/redis/rueidis/rueidiscompat/adapter.go:1335.2,1336.25 2 5
github.com/redis/rueidis/rueidiscompat/adapter.go:1339.82,1343.2 3 7
github.com/redis/rueidis/rueidiscompat/adapter.go:1345.75,1349.2 3 7
github.com/redis/rueidis/rueidiscompat/adapter.go:1351.74,1355.2 3 15
github.com/redis/rueidis/rueidiscompat/adapter.go:1357.79,1361.2 3 7
github.com/redis/rueidis/rueidiscompat/adapter.go:1363.86,1367.2 3 9
github.com/redis/rueidis/rueidiscompat/adapter.go:1369.95,1373.2 3 7
github.com/redis/rueidis/rueidiscompat/adapter.go:1375.73,1379.2 3 10
github.com/redis/rueidis/rueidiscompat/adapter.go:1381.64,1385.2 3 5
github.com/redis/rueidis/rueidiscompat/adapter.go:1387.85,1391.2 3 11
github.com/redis/rueidis/rueidiscompat/adapter.go:1394.79,1398.36 3 4032
github.com/redis/rueidis/rueidiscompat/adapter.go:1398.36,1400.3 1 4116
github.com/redis/rueidis/rueidiscompat/adapter.go:1401.2,1404.24 3 4032
github.com/redis/rueidis/rueidiscompat/adapter.go:1408.81,1412.36 3 5
github.com/redis/rueidis/rueidiscompat/adapter.go:1412.36,1414.3 1 9
github.com/redis/rueidis/rueidiscompat/adapter.go:1415.2,1418.25 3 5
github.com/redis/rueidis/rueidiscompat/adapter.go:1421.85,1425.2 3 7
github.com/redis/rueidis/rueidiscompat/adapter.go:1427.73,1431.2 3 5
github.com/redis/rueidis/rueidiscompat/adapter.go:1433.91,1435.2 1 5
github.com/redis/rueidis/rueidiscompat/adapter.go:1437.103,1439.2 1 4
github.com/redis/rueidis/rueidiscompat/adapter.go:1441.116,1445.2 3 9
github.com/redis/rueidis/rueidiscompat/adapter.go:1447.152,1449.23 2 15
github.com/redis/rueidis/rueidiscompat/adapter.go:1449.23,1451.3 1 3
github.com/redis/rueidis/rueidiscompat/adapter.go:1451.8,1451.30 1 12
github.com/redis/rueidis/rueidiscompat/adapter.go:1451.30,1453.3 1 3
github.com/redis/rueidis/rueidiscompat/adapter.go:1453.8,1453.30 1 9
github.com/redis/rueidis/rueidiscompat/adapter.go:1453.30,1455.3 1 3
github.com/redis/rueidis/rueidiscompat/adapter.go:1455.8,1455.30 1 6
github.com/redis/rueidis/rueidiscompat/adapter.go:1455.30,1457.3 1 3
github.com/redis/rueidis/rueidiscompat/adapter.go:1457.8,1459.3 1 3
github.com/redis/rueidis/rueidiscompat/adapter.go:1460.2,1461.29 2 15
github.com/redis/rueidis/rueidiscompat/adapter.go:1464.117,1468.2 3 5
github.com/redis/rueidis/rueidiscompat/adapter.go:1470.153,1472.23 2 15
github.com/redis/rueidis/rueidiscompat/adapter.go:1472.23,1474.3 1 3
github.com/redis/rueidis/rueidiscompat/adapter.go:1474.8,1474.30 1 12
github.com/redis/rueidis/rueidiscompat/adapter.go:1474.30,1476.3 1 3
github.com/redis/rueidis/rueidiscompat/adapter.go:1476.8,1476.30 1 9
github.com/redis/rueidis/rueidiscompat/adapter.go:1476.30,1478.3 1 3
github.com/redis/rueidis/rueidiscompat/adapter.go:1478.8,1478.30 1 6
github.com/redis/rueidis/rueidiscompat/adapter.go:1478.30,1480.3 1 3
github.com/redis/rueidis/rueidiscompat/adapter.go:1480.8,1482.3 1 3
github.com/redis/rueidis/rueidiscompat/adapter.go:1483.2,1484.29 2 15
github.com/redis/rueidis/rueidiscompat/adapter.go:1487.106,1491.2 3 5
github.com/redis/rueidis/rueidiscompat/adapter.go:1493.142,1495.23 2 15
github.com/redis/rueidis/rueidiscompat/adapter.go:1495.23,1497.3 1 3
github.com/redis/rueidis/rueidiscompat/adapter.go:1497.8,1497.30 1 12
github.com/redis/rueidis/rueidiscompat/adapter.go:1497.30,1499.3 1 3
github.com/redis/rueidis/rueidiscompat/adapter.go:1499.8,1499.30 1 9
github.com/redis/rueidis/rueidiscompat/adapter.go:1499.30,1501.3 1 3
github.com/redis/rueidis/rueidiscompat/adapter.go:1501.8,1501.30 1 6
github.com/redis/rueidis/rueidiscompat/adapter.go:1501.30,1503.3 1 3
github.com/redis/rueidis/rueidiscompat/adapter.go:1503.8,1505.3 1 3
github.com/redis/rueidis/rueidiscompat/adapter.go:1506.2,1507.29 2 15
github.com/redis/rueidis/rueidiscompat/adapter.go:1510.107,1514.2 3 6
github.com/redis/rueidis/rueidiscompat/adapter.go:1516.143,1518.23 2 15
github.com/redis/rueidis/rueidiscompat/adapter.go:1518.23,1520.3 1 3
github.com/redis/rueidis/rueidiscompat/adapter.go:1520.8,1520.30 1 12
github.com/redis/rueidis/rueidiscompat/adapter.go:1520.30,1522.3 1 3
github.com/redis/rueidis/rueidiscompat/adapter.go:1522.8,1522.30 1 9
github.com/redis/rueidis/rueidiscompat/adapter.go:1522.30,1524.3 1 3
github.com/redis/rueidis/rueidiscompat/adapter.go:1524.8,1524.30 1 6
github.com/redis/rueidis/rueidiscompat/adapter.go:1524.30,1526.3 1 3
github.com/redis/rueidis/rueidiscompat/adapter.go:1526.8,1528.3 1 3
github.com/redis/rueidis/rueidiscompat/adapter.go:1529.2,1530.29 2 15
github.com/redis/rueidis/rueidiscompat/adapter.go:1533.91,1537.2 3 6
github.com/redis/rueidis/rueidiscompat/adapter.go:1539.94,1543.2 3 5
github.com/redis/rueidis/rueidiscompat/adapter.go:1545.95,1549.2 3 5
github.com/redis/rueidis/rueidiscompat/adapter.go:1551.87,1555.2 3 5
github.com/redis/rueidis/rueidiscompat/adapter.go:1557.88,1561.2 3 5
github.com/redis/rueidis/rueidiscompat/adapter.go:1563.93,1567.2 3 0
github.com/redis/rueidis/rueidiscompat/adapter.go:1569.92,1573.2 3 0
github.com/redis/rueidis/rueidiscompat/adapter.go:1575.124,1576.20 1 0
github.com/redis/rueidis/rueidiscompat/adapter.go:1576.20,1578.3 1 0
github.com/redis/rueidis/rueidiscompat/adapter.go:1580.2,1581.50 2 0
github.com/redis/rueidis/rueidiscompat/adapter.go:1581.50,1583.3 1 0
github.com/redis/rueidis/rueidiscompat/adapter.go:1583.8,1583.57 1 0
github.com/redis/rueidis/rueidiscompat/adapter.go:1583.57,1585.3 1 0
github.com/redis/rueidis/rueidiscompat/adapter.go:1585.8,1585.59 1 0
github.com/redis/rueidis/rueidiscompat/adapter.go:1585.59,1587.3 1 0
github.com/redis/rueidis/rueidiscompat/adapter.go:1587.8,1587.59 1 0
github.com/redis/rueidis/rueidiscompat/adapter.go:1587.59,1589.3 1 0
github.com/redis/rueidis/rueidiscompat/adapter.go:1589.8,1589.62 1 0
github.com/redis/rueidis/rueidiscompat/adapter.go:1589.62,1591.3 1 0
github.com/redis/rueidis/rueidiscompat/adapter.go:1592.2,1593.32 2 0
github.com/redis/rueidis/rueidiscompat/adapter.go:1596.93,1599.47 2 0
github.com/redis/rueidis/rueidiscompat/adapter.go:1599.47,1601.3 1 0
github.com/redis/rueidis/rueidiscompat/adapter.go:1602.2,1605.24 3 0
github.com/redis/rueidis/rueidiscompat/adapter.go:1608.125,1609.20 1 0
github.com/redis/rueidis/rueidiscompat/adapter.go:1609.20,1611.3 1 0
github.com/redis/rueidis/rueidiscompat/adapter.go:1613.2,1614.36 2 0
github.com/redis/rueidis/rueidiscompat/adapter.go:1614.36,1615.51 1 0
github.com/redis/rueidis/rueidiscompat/adapter.go:1615.51,1617.4 1 0
github.com/redis/rueidis/rueidiscompat/adapter.go:1617.9,1617.58 1 0
github.com/redis/rueidis/rueidiscompat/adapter.go:1617.58,1619.4 1 0
github.com/redis/rueidis/rueidiscompat/adapter.go:1619.9,1619.60 1 0
github.com/redis/rueidis/rueidiscompat/adapter.go:1619.60,1621.4 1 0
github.com/redis/rueidis/rueidiscompat/adapter.go:1621.9,1621.60 1 0
github.com/redis/rueidis/rueidiscompat/adapter.go:1621.60,1623.4 1 0
github.com/redis/rueidis/rueidiscompat/adapter.go:1623.9,1623.63 1 0
github.com/redis/rueidis/rueidiscompat/adapter.go:1623.63,1625.4 1 0
github.com/redis/rueidis/rueidiscompat/adapter.go:1626.8,1626.43 1 0
github.com/redis/rueidis/rueidiscompat/adapter.go:1626.43,1627.51 1 0
github.com/redis/rueidis/rueidiscompat/adapter.go:1627.51,1629.4 1 0
github.com/redis/rueidis/rueidiscompat/adapter.go:1629.9,1629.58 1 0
github.com/redis/rueidis/rueidiscompat/adapter.go:1629.58,1631.4 1 0
github.com/redis/rueidis/rueidiscompat/adapter.go:1631.9,1631.60 1 0
github.com/redis/rueidis/rueidiscompat/adapter.go:1631.60,1633.4 1 0
github.com/redis/rueidis/rueidiscompat/adapter.go:1633.9,1633.60 1 0
github.com/redis/rueidis/rueidiscompat/adapter.go:1633.60,1635.4 1 0
github.com/redis/rueidis/rueidiscompat/adapter.go:1635.9,1635.63 1 0
github.com/redis/rueidis/rueidiscompat/adapter.go:1635.63,1637.4 1 0
github.com/redis/rueidis/rueidiscompat/adapter.go:1640.2,1640.47 1 0
github.com/redis/rueidis/rueidiscompat/adapter.go:1640.47,1642.3 1 0
github.com/redis/rueidis/rueidiscompat/adapter.go:1644.2,1646.24 3 0
github.com/redis/rueidis/rueidiscompat/adapter.go:1649.100,1653.2 3 9
github.com/redis/rueidis/rueidiscompat/adapter.go:1655.130,1658.15 3 9
github.com/redis/rueidis/rueidiscompat/adapter.go:1658.15,1660.3 1 9
github.com/redis/rueidis/rueidiscompat/adapter.go:1661.2,1661.58 1 9
github.com/redis/rueidis/rueidiscompat/adapter.go:1664.100,1668.2 3 7
github.com/redis/rueidis/rueidiscompat/adapter.go:1670.112,1674.2 3 7
github.com/redis/rueidis/rueidiscompat/adapter.go:1676.64,1682.11 4 9
github.com/redis/rueidis/rueidiscompat/adapter.go:1682.11,1685.3 2 1
github.com/redis/rueidis/rueidiscompat/adapter.go:1685.8,1685.18 1 8
github.com/redis/rueidis/rueidiscompat/adapter.go:1685.18,1687.42 2 2
github.com/redis/rueidis/rueidiscompat/adapter.go:1687.42,1689.4 1 1
github.com/redis/rueidis/rueidiscompat/adapter.go:1689.9,1689.31 1 1
github.com/redis/rueidis/rueidiscompat/adapter.go:1689.31,1691.4 1 0
github.com/redis/rueidis/rueidiscompat/adapter.go:1691.9,1691.28 1 1
github.com/redis/rueidis/rueidiscompat/adapter.go:1691.28,1693.4 1 0
github.com/redis/rueidis/rueidiscompat/adapter.go:1693.9,1695.4 1 1
github.com/redis/rueidis/rueidiscompat/adapter.go:1696.8,1699.3 2 6
github.com/redis/rueidis/rueidiscompat/adapter.go:1701.2,1701.51 1 9
github.com/redis/rueidis/rueidiscompat/adapter.go:1704.82,1708.2 3 9
github.com/redis/rueidis/rueidiscompat/adapter.go:1710.91,1712.29 2 9
github.com/redis/rueidis/rueidiscompat/adapter.go:1713.16,1714.116 1 5
github.com/redis/rueidis/rueidiscompat/adapter.go:1715.15,1716.115 1 2
github.com/redis/rueidis/rueidiscompat/adapter.go:1717.10,1718.58 1 2
github.com/redis/rueidis/rueidiscompat/adapter.go:1720.2,1720.24 1 7
github.com/redis/rueidis/rueidiscompat/adapter.go:1723.93,1727.2 3 5
github.com/redis/rueidis/rueidiscompat/adapter.go:1729.92,1733.2 3 5
github.com/redis/rueidis/rueidiscompat/adapter.go:1735.64,1739.2 3 5
github.com/redis/rueidis/rueidiscompat/adapter.go:1741.106,1744.15 3 10
github.com/redis/rueidis/rueidiscompat/adapter.go:1744.15,1746.3 1 9
github.com/redis/rueidis/rueidiscompat/adapter.go:1747.2,1747.55 1 10
github.com/redis/rueidis/rueidiscompat/adapter.go:1750.67,1754.2 3 5
github.com/redis/rueidis/rueidiscompat/adapter.go:1756.90,1760.2 3 4
github.com/redis/rueidis/rueidiscompat/adapter.go:1762.92,1764.17 2 8
github.com/redis/rueidis/rueidiscompat/adapter.go:1764.17,1766.3 1 3
github.com/redis/rueidis/rueidiscompat/adapter.go:1767.2,1767.19 1 8
github.com/redis/rueidis/rueidiscompat/adapter.go:1767.19,1769.3 1 1
github.com/redis/rueidis/rueidiscompat/adapter.go:1770.2,1771.24 2 8
github.com/redis/rueidis/rueidiscompat/adapter.go:1774.115,1776.17 2 7
github.com/redis/rueidis/rueidiscompat/adapter.go:1776.17,1778.3 1 3
github.com/redis/rueidis/rueidiscompat/adapter.go:1779.2,1779.19 1 7
github.com/redis/rueidis/rueidiscompat/adapter.go:1779.19,1781.3 1 1
github.com/redis/rueidis/rueidiscompat/adapter.go:1782.2,1783.29 2 7
github.com/redis/rueidis/rueidiscompat/adapter.go:1786.82,1790.2 3 68
github.com/redis/rueidis/rueidiscompat/adapter.go:1792.83,1796.2 3 9
github.com/redis/rueidis/rueidiscompat/adapter.go:1798.93,1802.2 3 55
github.com/redis/rueidis/rueidiscompat/adapter.go:1804.90,1808.2 3 5
github.com/redis/rueidis/rueidiscompat/adapter.go:1810.93,1814.2 3 7
github.com/redis/rueidis/rueidiscompat/adapter.go:1816.87,1820.2 3 5
github.com/redis/rueidis/rueidiscompat/adapter.go:1822.67,1826.2 3 5
github.com/redis/rueidis/rueidiscompat/adapter.go:1828.90,1832.2 3 4
github.com/redis/rueidis/rueidiscompat/adapter.go:1834.88,1838.2 3 5
github.com/redis/rueidis/rueidiscompat/adapter.go:1840.82,1844.2 3 99
github.com/redis/rueidis/rueidiscompat/adapter.go:1846.83,1850.2 3 9
github.com/redis/rueidis/rueidiscompat/adapter.go:1852.101,1855.2 2 4
github.com/redis/rueidis/rueidiscompat/adapter.go:1857.125,1860.2 2 4
github.com/redis/rueidis/rueidiscompat/adapter.go:1862.80,1864.41 2 2144
github.com/redis/rueidis/rueidiscompat/adapter.go:1864.41,1866.3 1 2152
github.com/redis/rueidis/rueidiscompat/adapter.go:1867.2,1868.24 2 2144
github.com/redis/rueidis/rueidiscompat/adapter.go:1871.65,1875.2 3 5
github.com/redis/rueidis/rueidiscompat/adapter.go:1877.77,1881.2 3 5
github.com/redis/rueidis/rueidiscompat/adapter.go:1883.94,1887.2 3 5
github.com/redis/rueidis/rueidiscompat/adapter.go:1889.78,1893.2 3 5
github.com/redis/rueidis/rueidiscompat/adapter.go:1895.87,1897.2 1 6
github.com/redis/rueidis/rueidiscompat/adapter.go:1899.95,1903.2 3 5
github.com/redis/rueidis/rueidiscompat/adapter.go:1905.82,1909.2 3 7
github.com/redis/rueidis/rueidiscompat/adapter.go:1911.92,1915.2 3 4
github.com/redis/rueidis/rueidiscompat/adapter.go:1917.76,1921.2 3 29
github.com/redis/rueidis/rueidiscompat/adapter.go:1923.83,1927.2 3 5
github.com/redis/rueidis/rueidiscompat/adapter.go:1929.94,1933.2 3 5
github.com/redis/rueidis/rueidiscompat/adapter.go:1935.67,1939.2 3 5
github.com/redis/rueidis/rueidiscompat/adapter.go:1941.86,1945.2 3 7
github.com/redis/rueidis/rueidiscompat/adapter.go:1947.74,1951.2 3 5
github.com/redis/rueidis/rueidiscompat/adapter.go:1953.93,1957.2 3 5
github.com/redis/rueidis/rueidiscompat/adapter.go:1959.80,1963.2 3 7
github.com/redis/rueidis/rueidiscompat/adapter.go:1965.78,1969.2 3 5
github.com/redis/rueidis/rueidiscompat/adapter.go:1971.95,1975.2 3 5
github.com/redis/rueidis/rueidiscompat/adapter.go:1977.67,1979.18 2 196
github.com/redis/rueidis/rueidiscompat/adapter.go:1979.18,1981.3 1 31
github.com/redis/rueidis/rueidiscompat/adapter.go:1982.2,1982.9 1 196
github.com/redis/rueidis/rueidiscompat/adapter.go:1983.20,1984.15 1 4
github.com/redis/rueidis/rueidiscompat/adapter.go:1984.15,1986.4 1 2
github.com/redis/rueidis/rueidiscompat/adapter.go:1986.9,1988.4 1 2
github.com/redis/rueidis/rueidiscompat/adapter.go:1989.21,1990.15 1 3
github.com/redis/rueidis/rueidiscompat/adapter.go:1990.15,1992.4 1 2
github.com/redis/rueidis/rueidiscompat/adapter.go:1992.9,1994.4 1 1
github.com/redis/rueidis/rueidiscompat/adapter.go:1996.2,1996.17 1 196
github.com/redis/rueidis/rueidiscompat/adapter.go:1996.17,1998.3 1 1
github.com/redis/rueidis/rueidiscompat/adapter.go:1999.2,1999.16 1 196
github.com/redis/rueidis/rueidiscompat/adapter.go:1999.16,2001.3 1 190
github.com/redis/rueidis/rueidiscompat/adapter.go:2001.8,2003.3 1 6
github.com/redis/rueidis/rueidiscompat/adapter.go:2004.2,2006.27 3 196
github.com/redis/rueidis/rueidiscompat/adapter.go:2009.82,2013.2 3 9
github.com/redis/rueidis/rueidiscompat/adapter.go:2015.67,2019.2 3 5
github.com/redis/rueidis/rueidiscompat/adapter.go:2021.92,2025.2 3 18
github.com/redis/rueidis/rueidiscompat/adapter.go:2027.106,2031.2 3 9
github.com/redis/rueidis/rueidiscompat/adapter.go:2033.95,2037.2 3 7
github.com/redis/rueidis/rueidiscompat/adapter.go:2039.109,2043.2 3 7
github.com/redis/rueidis/rueidiscompat/adapter.go:2045.75,2047.17 2 14
github.com/redis/rueidis/rueidiscompat/adapter.go:2047.17,2049.3 1 7
github.com/redis/rueidis/rueidiscompat/adapter.go:2050.2,2050.18 1 14
github.com/redis/rueidis/rueidiscompat/adapter.go:2050.18,2052.3 1 7
github.com/redis/rueidis/rueidiscompat/adapter.go:2053.2,2056.18 4 14
github.com/redis/rueidis/rueidiscompat/adapter.go:2056.18,2058.3 1 7
github.com/redis/rueidis/rueidiscompat/adapter.go:2058.8,2060.3 1 7
github.com/redis/rueidis/rueidiscompat/adapter.go:2061.2,2061.33 1 14
github.com/redis/rueidis/rueidiscompat/adapter.go:2064.88,2066.2 1 7
github.com/redis/rueidis/rueidiscompat/adapter.go:2068.92,2072.2 3 29
github.com/redis/rueidis/rueidiscompat/adapter.go:2074.100,2078.2 3 7
github.com/redis/rueidis/rueidiscompat/adapter.go:2080.91,2084.2 3 15
github.com/redis/rueidis/rueidiscompat/adapter.go:2086.83,2090.2 3 31
github.com/redis/rueidis/rueidiscompat/adapter.go:2092.100,2096.2 3 4
github.com/redis/rueidis/rueidiscompat/adapter.go:2098.97,2102.2 3 4
github.com/redis/rueidis/rueidiscompat/adapter.go:2104.85,2107.17 3 38
github.com/redis/rueidis/rueidiscompat/adapter.go:2107.17,2109.3 1 7
github.com/redis/rueidis/rueidiscompat/adapter.go:2110.2,2110.18 1 38
github.com/redis/rueidis/rueidiscompat/adapter.go:2110.18,2112.3 1 36
github.com/redis/rueidis/rueidiscompat/adapter.go:2113.2,2113.13 1 38
github.com/redis/rueidis/rueidiscompat/adapter.go:2113.13,2115.3 1 2
github.com/redis/rueidis/rueidiscompat/adapter.go:2116.2,2119.18 4 38
github.com/redis/rueidis/rueidiscompat/adapter.go:2119.18,2121.3 1 36
github.com/redis/rueidis/rueidiscompat/adapter.go:2121.8,2123.3 1 2
github.com/redis/rueidis/rueidiscompat/adapter.go:2124.2,2124.33 1 38
github.com/redis/rueidis/rueidiscompat/adapter.go:2127.89,2131.2 3 5
github.com/redis/rueidis/rueidiscompat/adapter.go:2133.83,2137.2 3 4
github.com/redis/rueidis/rueidiscompat/adapter.go:2139.86,2141.17 2 5
github.com/redis/rueidis/rueidiscompat/adapter.go:2141.17,2143.3 1 1
github.com/redis/rueidis/rueidiscompat/adapter.go:2144.2,2145.22 2 5
github.com/redis/rueidis/rueidiscompat/adapter.go:2145.22,2147.3 1 5
github.com/redis/rueidis/rueidiscompat/adapter.go:2148.2,2149.32 2 5
github.com/redis/rueidis/rueidiscompat/adapter.go:2152.78,2156.2 3 5
github.com/redis/rueidis/rueidiscompat/adapter.go:2158.82,2162.2 3 5
github.com/redis/rueidis/rueidiscompat/adapter.go:2164.83,2166.17 2 6
github.com/redis/rueidis/rueidiscompat/adapter.go:2166.17,2168.3 1 5
github.com/redis/rueidis/rueidiscompat/adapter.go:2168.8,2170.3 1 1
github.com/redis/rueidis/rueidiscompat/adapter.go:2171.2,2171.31 1 6
github.com/redis/rueidis/rueidiscompat/adapter.go:2174.95,2176.17 2 5
github.com/redis/rueidis/rueidiscompat/adapter.go:2176.17,2178.3 1 4
github.com/redis/rueidis/rueidiscompat/adapter.go:2178.8,2180.3 1 1
github.com/redis/rueidis/rueidiscompat/adapter.go:2181.2,2181.37 1 5
github.com/redis/rueidis/rueidiscompat/adapter.go:2192.54,2194.12 2 19
github.com/redis/rueidis/rueidiscompat/adapter.go:2194.12,2196.3 1 10
github.com/redis/rueidis/rueidiscompat/adapter.go:2197.2,2198.15 2 19
github.com/redis/rueidis/rueidiscompat/adapter.go:2198.15,2200.3 1 7
github.com/redis/rueidis/rueidiscompat/adapter.go:2201.2,2202.24 2 19
github.com/redis/rueidis/rueidiscompat/adapter.go:2207.85,2209.2 1 5
github.com/redis/rueidis/rueidiscompat/adapter.go:2214.98,2216.2 1 6
github.com/redis/rueidis/rueidiscompat/adapter.go:2220.84,2222.2 1 4
github.com/redis/rueidis/rueidiscompat/adapter.go:2227.103,2229.2 1 4
github.com/redis/rueidis/rueidiscompat/adapter.go:2231.79,2235.2 3 5
github.com/redis/rueidis/rueidiscompat/adapter.go:2237.79,2241.2 3 7
github.com/redis/rueidis/rueidiscompat/adapter.go:2243.100,2247.2 3 4
github.com/redis/rueidis/rueidiscompat/adapter.go:2249.92,2253.2 3 5
github.com/redis/rueidis/rueidiscompat/adapter.go:2256.100,2260.2 3 9
github.com/redis/rueidis/rueidiscompat/adapter.go:2263.100,2267.2 3 9
github.com/redis/rueidis/rueidiscompat/adapter.go:2269.130,2272.15 3 11
github.com/redis/rueidis/rueidiscompat/adapter.go:2272.15,2274.3 1 8
github.com/redis/rueidis/rueidiscompat/adapter.go:2275.2,2275.62 1 11
github.com/redis/rueidis/rueidiscompat/adapter.go:2279.78,2281.2 1 2325
github.com/redis/rueidis/rueidiscompat/adapter.go:2284.80,2286.2 1 7
github.com/redis/rueidis/rueidiscompat/adapter.go:2289.80,2291.2 1 7
github.com/redis/rueidis/rueidiscompat/adapter.go:2293.80,2295.2 1 6
github.com/redis/rueidis/rueidiscompat/adapter.go:2297.80,2299.2 1 6
github.com/redis/rueidis/rueidiscompat/adapter.go:2301.106,2304.13 2 2369
github.com/redis/rueidis/rueidiscompat/adapter.go:2304.13,2306.3 1 8
github.com/redis/rueidis/rueidiscompat/adapter.go:2306.8,2307.14 1 2361
github.com/redis/rueidis/rueidiscompat/adapter.go:2307.14,2309.4 1 8
github.com/redis/rueidis/rueidiscompat/adapter.go:2310.3,2310.14 1 2361
github.com/redis/rueidis/rueidiscompat/adapter.go:2310.14,2312.4 1 14
github.com/redis/rueidis/rueidiscompat/adapter.go:2312.9,2312.21 1 2347
github.com/redis/rueidis/rueidiscompat/adapter.go:2312.21,2314.4 1 7
github.com/redis/rueidis/rueidiscompat/adapter.go:2316.2,2316.13 1 2369
github.com/redis/rueidis/rueidiscompat/adapter.go:2316.13,2318.3 1 1
github.com/redis/rueidis/rueidiscompat/adapter.go:2319.2,2319.10 1 2369
github.com/redis/rueidis/rueidiscompat/adapter.go:2319.10,2321.3 1 4
github.com/redis/rueidis/rueidiscompat/adapter.go:2322.2,2322.33 1 2369
github.com/redis/rueidis/rueidiscompat/adapter.go:2322.33,2324.3 1 2398
github.com/redis/rueidis/rueidiscompat/adapter.go:2325.2,2326.13 2 2369
github.com/redis/rueidis/rueidiscompat/adapter.go:2329.83,2331.2 1 14
github.com/redis/rueidis/rueidiscompat/adapter.go:2333.89,2335.2 1 4
github.com/redis/rueidis/rueidiscompat/adapter.go:2337.65,2341.2 3 5
github.com/redis/rueidis/rueidiscompat/adapter.go:2343.76,2347.2 3 7
github.com/redis/rueidis/rueidiscompat/adapter.go:2349.79,2353.2 3 5
github.com/redis/rueidis/rueidiscompat/adapter.go:2355.103,2359.2 3 5
github.com/redis/rueidis/rueidiscompat/adapter.go:2361.62,2363.28 2 26
github.com/redis/rueidis/rueidiscompat/adapter.go:2363.28,2365.35 2 25
github.com/redis/rueidis/rueidiscompat/adapter.go:2365.35,2367.4 1 50
github.com/redis/rueidis/rueidiscompat/adapter.go:2369.2,2369.27 1 26
github.com/redis/rueidis/rueidiscompat/adapter.go:2369.27,2371.3 1 3
github.com/redis/rueidis/rueidiscompat/adapter.go:2372.2,2372.12 1 26
github.com/redis/rueidis/rueidiscompat/adapter.go:2375.76,2377.2 1 4
github.com/redis/rueidis/rueidiscompat/adapter.go:2379.81,2381.2 1 4
github.com/redis/rueidis/rueidiscompat/adapter.go:2383.87,2385.2 1 6
github.com/redis/rueidis/rueidiscompat/adapter.go:2387.93,2389.2 1 5
github.com/redis/rueidis/rueidiscompat/adapter.go:2391.106,2394.15 3 8
github.com/redis/rueidis/rueidiscompat/adapter.go:2394.15,2396.3 1 8
github.com/redis/rueidis/rueidiscompat/adapter.go:2397.2,2397.59 1 8
github.com/redis/rueidis/rueidiscompat/adapter.go:2400.93,2404.2 3 7
github.com/redis/rueidis/rueidiscompat/adapter.go:2406.86,2408.20 2 9
github.com/redis/rueidis/rueidiscompat/adapter.go:2409.9,2410.67 1 2
github.com/redis/rueidis/rueidiscompat/adapter.go:2411.9,2413.28 2 7
github.com/redis/rueidis/rueidiscompat/adapter.go:2414.10,2415.30 1 0
github.com/redis/rueidis/rueidiscompat/adapter.go:2417.2,2417.33 1 2
github.com/redis/rueidis/rueidiscompat/adapter.go:2420.86,2422.20 2 9
github.com/redis/rueidis/rueidiscompat/adapter.go:2423.9,2424.67 1 2
github.com/redis/rueidis/rueidiscompat/adapter.go:2425.9,2427.28 2 7
github.com/redis/rueidis/rueidiscompat/adapter.go:2428.10,2429.30 1 0
github.com/redis/rueidis/rueidiscompat/adapter.go:2431.2,2431.33 1 2
github.com/redis/rueidis/rueidiscompat/adapter.go:2434.78,2436.37 2 71
github.com/redis/rueidis/rueidiscompat/adapter.go:2436.37,2438.3 1 9
github.com/redis/rueidis/rueidiscompat/adapter.go:2438.8,2440.3 1 62
github.com/redis/rueidis/rueidiscompat/adapter.go:2441.2,2441.15 1 71
github.com/redis/rueidis/rueidiscompat/adapter.go:2441.15,2443.3 1 9
github.com/redis/rueidis/rueidiscompat/adapter.go:2443.8,2443.20 1 62
github.com/redis/rueidis/rueidiscompat/adapter.go:2443.20,2445.3 1 1
github.com/redis/rueidis/rueidiscompat/adapter.go:2446.2,2446.11 1 71
github.com/redis/rueidis/rueidiscompat/adapter.go:2446.11,2448.3 1 9
github.com/redis/rueidis/rueidiscompat/adapter.go:2449.2,2449.35 1 71
github.com/redis/rueidis/rueidiscompat/adapter.go:2449.35,2451.3 1 9
github.com/redis/rueidis/rueidiscompat/adapter.go:2452.2,2452.16 1 71
github.com/redis/rueidis/rueidiscompat/adapter.go:2452.16,2454.3 1 52
github.com/redis/rueidis/rueidiscompat/adapter.go:2455.2,2455.20 1 71
github.com/redis/rueidis/rueidiscompat/adapter.go:2458.93,2466.2 3 13
github.com/redis/rueidis/rueidiscompat/adapter.go:2468.98,2476.2 3 48
github.com/redis/rueidis/rueidiscompat/adapter.go:2478.95,2480.39 2 13
github.com/redis/rueidis/rueidiscompat/adapter.go:2480.39,2482.3 1 5
github.com/redis/rueidis/rueidiscompat/adapter.go:2482.8,2484.3 1 8
github.com/redis/rueidis/rueidiscompat/adapter.go:2485.2,2485.32 1 13
github.com/redis/rueidis/rueidiscompat/adapter.go:2488.93,2490.39 2 13
github.com/redis/rueidis/rueidiscompat/adapter.go:2490.39,2492.3 1 5
github.com/redis/rueidis/rueidiscompat/adapter.go:2492.8,2494.3 1 8
github.com/redis/rueidis/rueidiscompat/adapter.go:2495.2,2495.32 1 13
github.com/redis/rueidis/rueidiscompat/adapter.go:2498.100,2500.39 2 13
github.com/redis/rueidis/rueidiscompat/adapter.go:2500.39,2502.3 1 5
github.com/redis/rueidis/rueidiscompat/adapter.go:2502.8,2504.3 1 8
github.com/redis/rueidis/rueidiscompat/adapter.go:2505.2,2505.27 1 13
github.com/redis/rueidis/rueidiscompat/adapter.go:2508.80,2512.2 3 6
github.com/redis/rueidis/rueidiscompat/adapter.go:2514.85,2518.2 3 4
github.com/redis/rueidis/rueidiscompat/adapter.go:2520.85,2522.37 2 5
github.com/redis/rueidis/rueidiscompat/adapter.go:2522.37,2524.3 1 4
github.com/redis/rueidis/rueidiscompat/adapter.go:2524.8,2526.3 1 1
github.com/redis/rueidis/rueidiscompat/adapter.go:2527.2,2527.15 1 5
github.com/redis/rueidis/rueidiscompat/adapter.go:2527.15,2529.3 1 4
github.com/redis/rueidis/rueidiscompat/adapter.go:2529.8,2529.20 1 1
github.com/redis/rueidis/rueidiscompat/adapter.go:2529.20,2531.3 1 1
github.com/redis/rueidis/rueidiscompat/adapter.go:2532.2,2532.11 1 5
github.com/redis/rueidis/rueidiscompat/adapter.go:2532.11,2534.3 1 4
github.com/redis/rueidis/rueidiscompat/adapter.go:2535.2,2535.35 1 5
github.com/redis/rueidis/rueidiscompat/adapter.go:2535.35,2537.3 1 5
github.com/redis/rueidis/rueidiscompat/adapter.go:2538.2,2539.24 2 5
github.com/redis/rueidis/rueidiscompat/adapter.go:2542.73,2546.2 3 7
github.com/redis/rueidis/rueidiscompat/adapter.go:2548.92,2552.2 3 7
github.com/redis/rueidis/rueidiscompat/adapter.go:2554.80,2558.2 3 5
github.com/redis/rueidis/rueidiscompat/adapter.go:2560.94,2564.2 3 5
github.com/redis/rueidis/rueidiscompat/adapter.go:2565.86,2569.2 3 5
github.com/redis/rueidis/rueidiscompat/adapter.go:2571.91,2575.2 3 5
github.com/redis/rueidis/rueidiscompat/adapter.go:2577.96,2581.2 3 9
github.com/redis/rueidis/rueidiscompat/adapter.go:2583.101,2587.2 3 9
github.com/redis/rueidis/rueidiscompat/adapter.go:2589.98,2591.39 2 11
github.com/redis/rueidis/rueidiscompat/adapter.go:2591.39,2593.3 1 5
github.com/redis/rueidis/rueidiscompat/adapter.go:2593.8,2595.3 1 6
github.com/redis/rueidis/rueidiscompat/adapter.go:2596.2,2596.32 1 11
github.com/redis/rueidis/rueidiscompat/adapter.go:2599.96,2601.39 2 11
github.com/redis/rueidis/rueidiscompat/adapter.go:2601.39,2603.3 1 5
github.com/redis/rueidis/rueidiscompat/adapter.go:2603.8,2605.3 1 6
github.com/redis/rueidis/rueidiscompat/adapter.go:2606.2,2606.32 1 11
github.com/redis/rueidis/rueidiscompat/adapter.go:2609.103,2611.39 2 13
github.com/redis/rueidis/rueidiscompat/adapter.go:2611.39,2613.3 1 5
github.com/redis/rueidis/rueidiscompat/adapter.go:2613.8,2615.3 1 8
github.com/redis/rueidis/rueidiscompat/adapter.go:2616.2,2616.27 1 13
github.com/redis/rueidis/rueidiscompat/adapter.go:2619.76,2623.2 3 7
github.com/redis/rueidis/rueidiscompat/adapter.go:2625.95,2629.2 3 7
github.com/redis/rueidis/rueidiscompat/adapter.go:2631.76,2635.2 3 5
github.com/redis/rueidis/rueidiscompat/adapter.go:2637.86,2639.2 1 5
github.com/redis/rueidis/rueidiscompat/adapter.go:2641.76,2643.2 1 4
github.com/redis/rueidis/rueidiscompat/adapter.go:2645.81,2647.2 1 4
github.com/redis/rueidis/rueidiscompat/adapter.go:2649.92,2651.2 1 5
github.com/redis/rueidis/rueidiscompat/adapter.go:2653.97,2655.2 1 4
github.com/redis/rueidis/rueidiscompat/adapter.go:2657.77,2661.2 3 4
github.com/redis/rueidis/rueidiscompat/adapter.go:2663.82,2667.2 3 4
github.com/redis/rueidis/rueidiscompat/adapter.go:2669.94,2673.2 3 5
github.com/redis/rueidis/rueidiscompat/adapter.go:2675.77,2679.2 3 7
github.com/redis/rueidis/rueidiscompat/adapter.go:2681.71,2685.2 3 9
github.com/redis/rueidis/rueidiscompat/adapter.go:2687.87,2691.2 3 5
github.com/redis/rueidis/rueidiscompat/adapter.go:2693.63,2694.78 1 4
github.com/redis/rueidis/rueidiscompat/adapter.go:2694.78,2696.3 1 4
github.com/redis/rueidis/rueidiscompat/adapter.go:2699.57,2700.78 1 4
github.com/redis/rueidis/rueidiscompat/adapter.go:2700.78,2702.3 1 4
github.com/redis/rueidis/rueidiscompat/adapter.go:2705.76,2706.78 1 5
github.com/redis/rueidis/rueidiscompat/adapter.go:2706.78,2708.3 1 5
github.com/redis/rueidis/rueidiscompat/adapter.go:2711.82,2712.75 1 5
github.com/redis/rueidis/rueidiscompat/adapter.go:2712.75,2714.3 1 5
github.com/redis/rueidis/rueidiscompat/adapter.go:2717.61,2721.2 3 5
github.com/redis/rueidis/rueidiscompat/adapter.go:2723.79,2726.60 3 4
github.com/redis/rueidis/rueidiscompat/adapter.go:2726.60,2728.17 2 4
github.com/redis/rueidis/rueidiscompat/adapter.go:2728.17,2732.4 3 1
github.com/redis/rueidis/rueidiscompat/adapter.go:2733.3,2733.13 1 4
github.com/redis/rueidis/rueidiscompat/adapter.go:2735.2,2735.12 1 4
github.com/redis/rueidis/rueidiscompat/adapter.go:2738.62,2741.60 3 4
github.com/redis/rueidis/rueidiscompat/adapter.go:2741.60,2743.17 2 4
github.com/redis/rueidis/rueidiscompat/adapter.go:2743.17,2747.4 3 1
github.com/redis/rueidis/rueidiscompat/adapter.go:2748.3,2748.13 1 4
github.com/redis/rueidis/rueidiscompat/adapter.go:2750.2,2750.12 1 4
github.com/redis/rueidis/rueidiscompat/adapter.go:2753.56,2755.2 1 9
github.com/redis/rueidis/rueidiscompat/adapter.go:2757.71,2759.2 1 4
github.com/redis/rueidis/rueidiscompat/adapter.go:2761.80,2763.2 1 4
github.com/redis/rueidis/rueidiscompat/adapter.go:2765.65,2767.2 1 4
github.com/redis/rueidis/rueidiscompat/adapter.go:2769.87,2773.2 3 8
github.com/redis/rueidis/rueidiscompat/adapter.go:2775.66,2776.78 1 5
github.com/redis/rueidis/rueidiscompat/adapter.go:2776.78,2778.3 1 5
github.com/redis/rueidis/rueidiscompat/adapter.go:2781.85,2782.78 1 7
github.com/redis/rueidis/rueidiscompat/adapter.go:2782.78,2784.3 1 7
github.com/redis/rueidis/rueidiscompat/adapter.go:2787.64,2788.78 1 4
github.com/redis/rueidis/rueidiscompat/adapter.go:2788.78,2790.3 1 4
github.com/redis/rueidis/rueidiscompat/adapter.go:2793.54,2794.75 1 5
github.com/redis/rueidis/rueidiscompat/adapter.go:2794.75,2796.3 1 5
github.com/redis/rueidis/rueidiscompat/adapter.go:2799.59,2800.78 1 2166
github.com/redis/rueidis/rueidiscompat/adapter.go:2800.78,2802.3 1 2166
github.com/redis/rueidis/rueidiscompat/adapter.go:2805.64,2806.78 1 4
github.com/redis/rueidis/rueidiscompat/adapter.go:2806.78,2808.3 1 4
github.com/redis/rueidis/rueidiscompat/adapter.go:2811.58,2812.78 1 2293
github.com/redis/rueidis/rueidiscompat/adapter.go:2812.78,2814.3 1 2293
github.com/redis/rueidis/rueidiscompat/adapter.go:2817.63,2818.78 1 4
github.com/redis/rueidis/rueidiscompat/adapter.go:2818.78,2820.3 1 4
github.com/redis/rueidis/rueidiscompat/adapter.go:2823.74,2827.2 3 7
github.com/redis/rueidis/rueidiscompat/adapter.go:2829.56,2833.2 3 5
github.com/redis/rueidis/rueidiscompat/adapter.go:2835.55,2836.78 1 5
github.com/redis/rueidis/rueidiscompat/adapter.go:2836.78,2838.3 1 5
github.com/redis/rueidis/rueidiscompat/adapter.go:2841.59,2842.78 1 3
github.com/redis/rueidis/rueidiscompat/adapter.go:2842.78,2844.3 1 3
github.com/redis/rueidis/rueidiscompat/adapter.go:2847.63,2848.78 1 3
github.com/redis/rueidis/rueidiscompat/adapter.go:2848.78,2850.3 1 3
github.com/redis/rueidis/rueidiscompat/adapter.go:2853.65,2854.78 1 3
github.com/redis/rueidis/rueidiscompat/adapter.go:2854.78,2856.3 1 3
github.com/redis/rueidis/rueidiscompat/adapter.go:2859.77,2863.2 3 3
github.com/redis/rueidis/rueidiscompat/adapter.go:2865.73,2869.2 3 4
github.com/redis/rueidis/rueidiscompat/adapter.go:2871.63,2875.2 3 4
github.com/redis/rueidis/rueidiscompat/adapter.go:2877.53,2881.2 3 5
github.com/redis/rueidis/rueidiscompat/adapter.go:2883.74,2887.2 3 4
github.com/redis/rueidis/rueidiscompat/adapter.go:2889.59,2893.2 3 4
github.com/redis/rueidis/rueidiscompat/adapter.go:2895.60,2899.2 3 4
github.com/redis/rueidis/rueidiscompat/adapter.go:2901.89,2903.22 2 9
github.com/redis/rueidis/rueidiscompat/adapter.go:2904.9,2905.71 1 4
github.com/redis/rueidis/rueidiscompat/adapter.go:2906.9,2907.91 1 5
github.com/redis/rueidis/rueidiscompat/adapter.go:2908.10,2909.30 1 0
github.com/redis/rueidis/rueidiscompat/adapter.go:2911.2,2911.24 1 9
github.com/redis/rueidis/rueidiscompat/adapter.go:2914.92,2917.2 2 7
github.com/redis/rueidis/rueidiscompat/adapter.go:2919.93,2922.2 2 5
github.com/redis/rueidis/rueidiscompat/adapter.go:2924.94,2927.2 2 5
github.com/redis/rueidis/rueidiscompat/adapter.go:2929.95,2932.2 2 4
github.com/redis/rueidis/rueidiscompat/adapter.go:2934.84,2938.24 4 7
github.com/redis/rueidis/rueidiscompat/adapter.go:2938.24,2940.3 1 10
github.com/redis/rueidis/rueidiscompat/adapter.go:2941.2,2941.60 1 7
github.com/redis/rueidis/rueidiscompat/adapter.go:2941.60,2943.17 2 7
github.com/redis/rueidis/rueidiscompat/adapter.go:2943.17,2945.26 2 4
github.com/redis/rueidis/rueidiscompat/adapter.go:2945.26,2946.36 1 4
github.com/redis/rueidis/rueidiscompat/adapter.go:2946.36,2948.6 1 0
github.com/redis/rueidis/rueidiscompat/adapter.go:2950.4,2950.15 1 4
github.com/redis/rueidis/rueidiscompat/adapter.go:2952.3,2952.13 1 7
github.com/redis/rueidis/rueidiscompat/adapter.go:2954.2,2954.12 1 7
github.com/redis/rueidis/rueidiscompat/adapter.go:2957.62,2958.78 1 5
github.com/redis/rueidis/rueidiscompat/adapter.go:2958.78,2960.3 1 5
github.com/redis/rueidis/rueidiscompat/adapter.go:2963.61,2964.78 1 5
github.com/redis/rueidis/rueidiscompat/adapter.go:2964.78,2966.3 1 5
github.com/redis/rueidis/rueidiscompat/adapter.go:2969.76,2970.78 1 7
github.com/redis/rueidis/rueidiscompat/adapter.go:2970.78,2972.3 1 7
github.com/redis/rueidis/rueidiscompat/adapter.go:2975.76,2976.78 1 19
github.com/redis/rueidis/rueidiscompat/adapter.go:2976.78,2978.3 1 19
github.com/redis/rueidis/rueidiscompat/adapter.go:2981.83,2982.78 1 4
github.com/redis/rueidis/rueidiscompat/adapter.go:2982.78,2984.3 1 4
github.com/redis/rueidis/rueidiscompat/adapter.go:2987.81,2988.78 1 4
github.com/redis/rueidis/rueidiscompat/adapter.go:2988.78,2990.3 1 4
github.com/redis/rueidis/rueidiscompat/adapter.go:2993.64,2994.78 1 17
github.com/redis/rueidis/rueidiscompat/adapter.go:2994.78,2996.3 1 17
github.com/redis/rueidis/rueidiscompat/adapter.go:2999.63,3001.2 1 34
github.com/redis/rueidis/rueidiscompat/adapter.go:3003.69,3004.78 1 4
github.com/redis/rueidis/rueidiscompat/adapter.go:3004.78,3006.3 1 4
github.com/redis/rueidis/rueidiscompat/adapter.go:3009.90,3011.32 2 13
github.com/redis/rueidis/rueidiscompat/adapter.go:3011.32,3013.3 1 7
github.com/redis/rueidis/rueidiscompat/adapter.go:3014.2,3014.16 1 13
github.com/redis/rueidis/rueidiscompat/adapter.go:3014.16,3016.3 1 6
github.com/redis/rueidis/rueidiscompat/adapter.go:3017.2,3017.58 1 13
github.com/redis/rueidis/rueidiscompat/adapter.go:3020.63,3022.2 1 4
github.com/redis/rueidis/rueidiscompat/adapter.go:3024.82,3025.78 1 5
github.com/redis/rueidis/rueidiscompat/adapter.go:3025.78,3027.3 1 5
github.com/redis/rueidis/rueidiscompat/adapter.go:3030.95,3033.2 2 5
github.com/redis/rueidis/rueidiscompat/adapter.go:3035.97,3038.2 2 5
github.com/redis/rueidis/rueidiscompat/adapter.go:3040.84,3044.2 3 113
github.com/redis/rueidis/rueidiscompat/adapter.go:3046.85,3050.2 3 6
github.com/redis/rueidis/rueidiscompat/adapter.go:3052.86,3056.2 3 9
github.com/redis/rueidis/rueidiscompat/adapter.go:3058.89,3062.2 3 6
github.com/redis/rueidis/rueidiscompat/adapter.go:3064.60,3068.2 3 7
github.com/redis/rueidis/rueidiscompat/adapter.go:3070.91,3074.2 3 8
github.com/redis/rueidis/rueidiscompat/adapter.go:3076.94,3080.2 3 5
github.com/redis/rueidis/rueidiscompat/adapter.go:3082.67,3086.2 3 3
github.com/redis/rueidis/rueidiscompat/adapter.go:3088.69,3092.2 3 5
github.com/redis/rueidis/rueidiscompat/adapter.go:3094.71,3098.2 3 4
github.com/redis/rueidis/rueidiscompat/adapter.go:3100.63,3104.2 3 5
github.com/redis/rueidis/rueidiscompat/adapter.go:3106.69,3110.2 3 1
github.com/redis/rueidis/rueidiscompat/adapter.go:3112.87,3116.2 3 5
github.com/redis/rueidis/rueidiscompat/adapter.go:3118.79,3122.2 3 5
github.com/redis/rueidis/rueidiscompat/adapter.go:3124.82,3128.2 3 5
github.com/redis/rueidis/rueidiscompat/adapter.go:3130.67,3131.78 1 3
github.com/redis/rueidis/rueidiscompat/adapter.go:3131.78,3133.3 1 3
github.com/redis/rueidis/rueidiscompat/adapter.go:3136.67,3137.78 1 3
github.com/redis/rueidis/rueidiscompat/adapter.go:3137.78,3139.3 1 3
github.com/redis/rueidis/rueidiscompat/adapter.go:3142.62,3146.2 3 5
github.com/redis/rueidis/rueidiscompat/adapter.go:3148.74,3152.2 3 5
github.com/redis/rueidis/rueidiscompat/adapter.go:3154.101,3157.60 3 5
github.com/redis/rueidis/rueidiscompat/adapter.go:3157.60,3160.17 3 9
github.com/redis/rueidis/rueidiscompat/adapter.go:3160.17,3164.4 3 6
github.com/redis/rueidis/rueidiscompat/adapter.go:3165.3,3165.13 1 9
github.com/redis/rueidis/rueidiscompat/adapter.go:3167.2,3167.12 1 5
github.com/redis/rueidis/rueidiscompat/adapter.go:3170.89,3174.2 3 5
github.com/redis/rueidis/rueidiscompat/adapter.go:3176.82,3179.60 3 5
github.com/redis/rueidis/rueidiscompat/adapter.go:3179.60,3182.17 3 9
github.com/redis/rueidis/rueidiscompat/adapter.go:3182.17,3186.4 3 6
github.com/redis/rueidis/rueidiscompat/adapter.go:3187.3,3187.13 1 9
github.com/redis/rueidis/rueidiscompat/adapter.go:3189.2,3189.12 1 5
github.com/redis/rueidis/rueidiscompat/adapter.go:3192.82,3196.2 3 3
github.com/redis/rueidis/rueidiscompat/adapter.go:3198.87,3202.2 3 3
github.com/redis/rueidis/rueidiscompat/adapter.go:3204.68,3205.78 1 3
github.com/redis/rueidis/rueidiscompat/adapter.go:3205.78,3207.3 1 3
github.com/redis/rueidis/rueidiscompat/adapter.go:3210.84,3214.2 3 5
github.com/redis/rueidis/rueidiscompat/adapter.go:3216.66,3220.2 3 3
github.com/redis/rueidis/rueidiscompat/adapter.go:3222.82,3226.2 3 3
github.com/redis/rueidis/rueidiscompat/adapter.go:3228.87,3232.2 3 3
github.com/redis/rueidis/rueidiscompat/adapter.go:3234.94,3236.34 2 40
github.com/redis/rueidis/rueidiscompat/adapter.go:3236.34,3238.3 1 78
github.com/redis/rueidis/rueidiscompat/adapter.go:3239.2,3240.24 2 40
github.com/redis/rueidis/rueidiscompat/adapter.go:3243.88,3247.2 3 5
github.com/redis/rueidis/rueidiscompat/adapter.go:3250.128,3252.48 2 11
github.com/redis/rueidis/rueidiscompat/adapter.go:3252.48,3253.57 1 0
github.com/redis/rueidis/rueidiscompat/adapter.go:3255.2,3257.32 3 11
github.com/redis/rueidis/rueidiscompat/adapter.go:3261.125,3263.48 2 7
github.com/redis/rueidis/rueidiscompat/adapter.go:3263.48,3264.54 1 0
github.com/redis/rueidis/rueidiscompat/adapter.go:3266.2,3268.24 3 7
github.com/redis/rueidis/rueidiscompat/adapter.go:3272.115,3274.48 2 5
github.com/redis/rueidis/rueidiscompat/adapter.go:3274.48,3275.65 1 0
github.com/redis/rueidis/rueidiscompat/adapter.go:3277.2,3279.32 3 5
github.com/redis/rueidis/rueidiscompat/adapter.go:3283.112,3285.48 2 5
github.com/redis/rueidis/rueidiscompat/adapter.go:3285.48,3286.62 1 0
github.com/redis/rueidis/rueidiscompat/adapter.go:3288.2,3290.24 3 5
github.com/redis/rueidis/rueidiscompat/adapter.go:3293.95,3298.2 4 19
github.com/redis/rueidis/rueidiscompat/adapter.go:3300.111,3305.2 4 5
github.com/redis/rueidis/rueidiscompat/adapter.go:3307.103,3310.17 3 5
github.com/redis/rueidis/rueidiscompat/adapter.go:3310.17,3312.3 1 1
github.com/redis/rueidis/rueidiscompat/adapter.go:3313.2,3314.24 2 5
github.com/redis/rueidis/rueidiscompat/adapter.go:3317.93,3319.31 2 11
github.com/redis/rueidis/rueidiscompat/adapter.go:3320.11,3321.105 1 5
github.com/redis/rueidis/rueidiscompat/adapter.go:3322.12,3323.106 1 2
github.com/redis/rueidis/rueidiscompat/adapter.go:3324.12,3325.106 1 2
github.com/redis/rueidis/rueidiscompat/adapter.go:3326.16,3327.106 1 2
github.com/redis/rueidis/rueidiscompat/adapter.go:3328.10,3329.46 1 0
github.com/redis/rueidis/rueidiscompat/adapter.go:3331.2,3331.26 1 11
github.com/redis/rueidis/rueidiscompat/adapter.go:3334.94,3338.2 3 5
github.com/redis/rueidis/rueidiscompat/adapter.go:3340.71,3344.2 3 5
github.com/redis/rueidis/rueidiscompat/adapter.go:3346.93,3350.2 3 4
github.com/redis/rueidis/rueidiscompat/adapter.go:3356.87,3358.46 1 4
github.com/redis/rueidis/rueidiscompat/adapter.go:3358.46,3362.3 3 4
github.com/redis/rueidis/rueidiscompat/adapter.go:3363.2,3363.22 1 0
github.com/redis/rueidis/rueidiscompat/adapter.go:3366.70,3370.2 3 6
github.com/redis/rueidis/rueidiscompat/adapter.go:3372.95,3376.2 3 5
github.com/redis/rueidis/rueidiscompat/adapter.go:3378.62,3382.2 3 5
github.com/redis/rueidis/rueidiscompat/adapter.go:3384.62,3388.2 3 4
github.com/redis/rueidis/rueidiscompat/adapter.go:3390.63,3394.2 3 7
github.com/redis/rueidis/rueidiscompat/adapter.go:3396.75,3400.2 3 5
github.com/redis/rueidis/rueidiscompat/adapter.go:3402.90,3403.13 1 4633
github.com/redis/rueidis/rueidiscompat/adapter.go:3403.13,3405.3 1 102
github.com/redis/rueidis/rueidiscompat/adapter.go:3406.2,3407.74 2 4531
github.com/redis/rueidis/rueidiscompat/adapter.go:3407.74,3409.17 2 4539
github.com/redis/rueidis/rueidiscompat/adapter.go:3409.17,3410.55 1 4539
github.com/redis/rueidis/rueidiscompat/adapter.go:3410.55,3412.5 1 4539
github.com/redis/rueidis/rueidiscompat/adapter.go:3414.3,3414.17 1 4539
github.com/redis/rueidis/rueidiscompat/adapter.go:3414.17,3416.4 1 6
github.com/redis/rueidis/rueidiscompat/adapter.go:3418.2,3418.36 1 4531
github.com/redis/rueidis/rueidiscompat/adapter.go:3418.36,3420.3 1 6
github.com/redis/rueidis/rueidiscompat/adapter.go:3421.2,3421.12 1 4525
github.com/redis/rueidis/rueidiscompat/adapter.go:3424.116,3427.60 3 4589
github.com/redis/rueidis/rueidiscompat/adapter.go:3427.60,3429.17 2 4589
github.com/redis/rueidis/rueidiscompat/adapter.go:3429.17,3433.4 3 4505
github.com/redis/rueidis/rueidiscompat/adapter.go:3434.3,3434.13 1 4589
github.com/redis/rueidis/rueidiscompat/adapter.go:3436.2,3436.12 1 4589
github.com/redis/rueidis/rueidiscompat/adapter.go:3439.110,3442.60 3 10
github.com/redis/rueidis/rueidiscompat/adapter.go:3442.60,3444.17 2 10
github.com/redis/rueidis/rueidiscompat/adapter.go:3444.17,3448.4 3 4
github.com/redis/rueidis/rueidiscompat/adapter.go:3449.3,3449.13 1 10
github.com/redis/rueidis/rueidiscompat/adapter.go:3451.2,3451.12 1 10
github.com/redis/rueidis/rueidiscompat/adapter.go:3454.76,3458.2 3 9
github.com/redis/rueidis/rueidiscompat/adapter.go:3461.111,3464.21 3 5
github.com/redis/rueidis/rueidiscompat/adapter.go:3464.21,3466.3 1 4
github.com/redis/rueidis/rueidiscompat/adapter.go:3466.8,3468.3 1 1
github.com/redis/rueidis/rueidiscompat/adapter.go:3469.2,3470.27 2 5
github.com/redis/rueidis/rueidiscompat/adapter.go:3473.82,3477.2 3 15
github.com/redis/rueidis/rueidiscompat/adapter.go:3479.81,3483.2 3 4
github.com/redis/rueidis/rueidiscompat/adapter.go:3485.116,3487.27 2 5
github.com/redis/rueidis/rueidiscompat/adapter.go:3487.27,3489.3 1 1
github.com/redis/rueidis/rueidiscompat/adapter.go:3490.2,3490.22 1 5
github.com/redis/rueidis/rueidiscompat/adapter.go:3490.22,3492.3 1 5
github.com/redis/rueidis/rueidiscompat/adapter.go:3493.2,3493.25 1 5
github.com/redis/rueidis/rueidiscompat/adapter.go:3493.25,3495.40 2 5
github.com/redis/rueidis/rueidiscompat/adapter.go:3495.40,3497.4 1 10
github.com/redis/rueidis/rueidiscompat/adapter.go:3499.2,3501.44 3 5
github.com/redis/rueidis/rueidiscompat/adapter.go:3504.97,3513.2 3 4
github.com/redis/rueidis/rueidiscompat/adapter.go:3515.125,3526.2 3 4
github.com/redis/rueidis/rueidiscompat/adapter.go:3528.102,3537.2 3 4
github.com/redis/rueidis/rueidiscompat/adapter.go:3539.130,3550.2 3 4
github.com/redis/rueidis/rueidiscompat/adapter.go:3552.87,3555.2 2 1015
github.com/redis/rueidis/rueidiscompat/adapter.go:3557.66,3560.2 2 4
github.com/redis/rueidis/rueidiscompat/adapter.go:3562.90,3565.2 2 7
github.com/redis/rueidis/rueidiscompat/adapter.go:3567.69,3570.2 2 11
github.com/redis/rueidis/rueidiscompat/adapter.go:3572.80,3573.16 1 9
github.com/redis/rueidis/rueidiscompat/adapter.go:3574.18,3575.36 1 1
github.com/redis/rueidis/rueidiscompat/adapter.go:3576.14,3577.32 1 4
github.com/redis/rueidis/rueidiscompat/adapter.go:3578.17,3579.35 1 1
github.com/redis/rueidis/rueidiscompat/adapter.go:3580.15,3581.33 1 1
github.com/redis/rueidis/rueidiscompat/adapter.go:3582.19,3583.37 1 1
github.com/redis/rueidis/rueidiscompat/adapter.go:3584.10,3585.50 1 1
github.com/redis/rueidis/rueidiscompat/adapter.go:3589.77,3592.2 2 5
github.com/redis/rueidis/rueidiscompat/adapter.go:3594.73,3597.2 2 10
github.com/redis/rueidis/rueidiscompat/adapter.go:3599.76,3602.2 2 5
github.com/redis/rueidis/rueidiscompat/adapter.go:3604.74,3607.2 2 5
github.com/redis/rueidis/rueidiscompat/adapter.go:3609.78,3612.2 2 5
github.com/redis/rueidis/rueidiscompat/adapter.go:3614.125,3621.24 2 6
github.com/redis/rueidis/rueidiscompat/adapter.go:3621.24,3623.3 1 1
github.com/redis/rueidis/rueidiscompat/adapter.go:3624.2,3624.22 1 6
github.com/redis/rueidis/rueidiscompat/adapter.go:3624.22,3626.3 1 4
github.com/redis/rueidis/rueidiscompat/adapter.go:3627.2,3628.29 2 6
github.com/redis/rueidis/rueidiscompat/adapter.go:3628.29,3630.3 1 9
github.com/redis/rueidis/rueidiscompat/adapter.go:3631.2,3632.47 2 6
github.com/redis/rueidis/rueidiscompat/adapter.go:3635.97,3638.29 3 6
github.com/redis/rueidis/rueidiscompat/adapter.go:3638.29,3640.3 1 15
github.com/redis/rueidis/rueidiscompat/adapter.go:3641.2,3641.56 1 6
github.com/redis/rueidis/rueidiscompat/adapter.go:3644.100,3647.29 3 5
github.com/redis/rueidis/rueidiscompat/adapter.go:3647.29,3649.3 1 13
github.com/redis/rueidis/rueidiscompat/adapter.go:3650.2,3650.56 1 5
github.com/redis/rueidis/rueidiscompat/adapter.go:3653.107,3656.2 2 6
github.com/redis/rueidis/rueidiscompat/adapter.go:3658.127,3661.2 2 5
github.com/redis/rueidis/rueidiscompat/adapter.go:3663.117,3666.2 2 4
github.com/redis/rueidis/rueidiscompat/adapter.go:3668.107,3670.24 2 5
github.com/redis/rueidis/rueidiscompat/adapter.go:3670.24,3672.3 1 1
github.com/redis/rueidis/rueidiscompat/adapter.go:3673.2,3673.52 1 5
github.com/redis/rueidis/rueidiscompat/adapter.go:3676.91,3679.2 2 6
github.com/redis/rueidis/rueidiscompat/adapter.go:3681.108,3684.2 2 5
github.com/redis/rueidis/rueidiscompat/adapter.go:3686.87,3689.2 2 1010
github.com/redis/rueidis/rueidiscompat/adapter.go:3690.89,3693.2 2 5
github.com/redis/rueidis/rueidiscompat/adapter.go:3695.88,3698.2 2 5
github.com/redis/rueidis/rueidiscompat/adapter.go:3700.87,3703.2 2 4
github.com/redis/rueidis/rueidiscompat/adapter.go:3705.90,3708.2 2 7
github.com/redis/rueidis/rueidiscompat/adapter.go:3710.69,3713.2 2 9
github.com/redis/rueidis/rueidiscompat/adapter.go:3715.125,3717.20 2 6
github.com/redis/rueidis/rueidiscompat/adapter.go:3717.20,3719.23 2 5
github.com/redis/rueidis/rueidiscompat/adapter.go:3719.23,3721.4 1 1
github.com/redis/rueidis/rueidiscompat/adapter.go:3723.2,3724.29 2 6
github.com/redis/rueidis/rueidiscompat/adapter.go:3724.29,3726.3 1 15
github.com/redis/rueidis/rueidiscompat/adapter.go:3727.2,3728.47 2 6
github.com/redis/rueidis/rueidiscompat/adapter.go:3731.126,3733.22 2 5
github.com/redis/rueidis/rueidiscompat/adapter.go:3733.22,3735.3 1 1
github.com/redis/rueidis/rueidiscompat/adapter.go:3736.2,3737.29 2 5
github.com/redis/rueidis/rueidiscompat/adapter.go:3737.29,3739.3 1 12
github.com/redis/rueidis/rueidiscompat/adapter.go:3740.2,3741.46 2 5
github.com/redis/rueidis/rueidiscompat/adapter.go:3744.100,3746.29 2 4
github.com/redis/rueidis/rueidiscompat/adapter.go:3746.29,3748.3 1 10
github.com/redis/rueidis/rueidiscompat/adapter.go:3749.2,3750.47 2 4
github.com/redis/rueidis/rueidiscompat/adapter.go:3753.88,3756.2 2 5
github.com/redis/rueidis/rueidiscompat/adapter.go:3758.107,3768.2 2 4
github.com/redis/rueidis/rueidiscompat/adapter.go:3770.114,3778.2 2 4
github.com/redis/rueidis/rueidiscompat/adapter.go:3780.116,3788.2 2 4
github.com/redis/rueidis/rueidiscompat/adapter.go:3790.122,3798.2 2 4
github.com/redis/rueidis/rueidiscompat/adapter.go:3800.91,3803.2 2 7
github.com/redis/rueidis/rueidiscompat/adapter.go:3805.108,3808.2 2 6
github.com/redis/rueidis/rueidiscompat/adapter.go:3810.99,3812.40 2 6
github.com/redis/rueidis/rueidiscompat/adapter.go:3812.40,3814.3 1 10
github.com/redis/rueidis/rueidiscompat/adapter.go:3815.2,3816.46 2 6
github.com/redis/rueidis/rueidiscompat/adapter.go:3819.71,3822.2 2 5
github.com/redis/rueidis/rueidiscompat/adapter.go:3824.96,3827.2 2 11
github.com/redis/rueidis/rueidiscompat/adapter.go:3829.108,3832.2 2 4
github.com/redis/rueidis/rueidiscompat/adapter.go:3834.97,3837.2 2 6
github.com/redis/rueidis/rueidiscompat/adapter.go:3839.114,3842.28 3 4
github.com/redis/rueidis/rueidiscompat/adapter.go:3842.28,3844.3 1 5
github.com/redis/rueidis/rueidiscompat/adapter.go:3845.2,3845.25 1 4
github.com/redis/rueidis/rueidiscompat/adapter.go:3845.25,3847.3 1 5
github.com/redis/rueidis/rueidiscompat/adapter.go:3848.2,3849.25 2 4
github.com/redis/rueidis/rueidiscompat/adapter.go:3849.25,3853.3 1 5
github.com/redis/rueidis/rueidiscompat/adapter.go:3854.2,3855.44 2 4
github.com/redis/rueidis/rueidiscompat/adapter.go:3858.98,3860.29 2 5
github.com/redis/rueidis/rueidiscompat/adapter.go:3860.29,3862.3 1 12
github.com/redis/rueidis/rueidiscompat/adapter.go:3863.2,3864.46 2 5
github.com/redis/rueidis/rueidiscompat/adapter.go:3867.100,3869.29 2 4
github.com/redis/rueidis/rueidiscompat/adapter.go:3869.29,3871.3 1 10
github.com/redis/rueidis/rueidiscompat/adapter.go:3872.2,3873.49 2 4
github.com/redis/rueidis/rueidiscompat/adapter.go:3876.99,3878.29 2 5
github.com/redis/rueidis/rueidiscompat/adapter.go:3878.29,3880.3 1 12
github.com/redis/rueidis/rueidiscompat/adapter.go:3881.2,3882.46 2 5
github.com/redis/rueidis/rueidiscompat/adapter.go:3885.103,3887.29 2 4
github.com/redis/rueidis/rueidiscompat/adapter.go:3887.29,3889.3 1 10
github.com/redis/rueidis/rueidiscompat/adapter.go:3890.2,3891.49 2 4
github.com/redis/rueidis/rueidiscompat/adapter.go:3894.73,3897.2 2 5
github.com/redis/rueidis/rueidiscompat/adapter.go:3899.76,3902.2 2 4
github.com/redis/rueidis/rueidiscompat/adapter.go:3904.86,3907.2 2 4
github.com/redis/rueidis/rueidiscompat/adapter.go:3909.100,3911.29 2 4
github.com/redis/rueidis/rueidiscompat/adapter.go:3911.29,3913.3 1 10
github.com/redis/rueidis/rueidiscompat/adapter.go:3914.2,3915.47 2 4
github.com/redis/rueidis/rueidiscompat/adapter.go:3918.83,3921.2 2 4
github.com/redis/rueidis/rueidiscompat/adapter.go:3923.129,3926.2 2 4
github.com/redis/rueidis/rueidiscompat/adapter.go:3928.94,3930.29 2 7
github.com/redis/rueidis/rueidiscompat/adapter.go:3930.29,3932.3 1 46
github.com/redis/rueidis/rueidiscompat/adapter.go:3933.2,3934.44 2 7
github.com/redis/rueidis/rueidiscompat/adapter.go:3937.96,3939.25 2 5
github.com/redis/rueidis/rueidiscompat/adapter.go:3939.25,3941.3 1 13
github.com/redis/rueidis/rueidiscompat/adapter.go:3942.2,3943.48 2 5
github.com/redis/rueidis/rueidiscompat/adapter.go:3946.99,3948.25 2 5
github.com/redis/rueidis/rueidiscompat/adapter.go:3948.25,3950.3 1 12
github.com/redis/rueidis/rueidiscompat/adapter.go:3951.2,3952.48 2 5
github.com/redis/rueidis/rueidiscompat/adapter.go:3955.98,3958.2 2 5
github.com/redis/rueidis/rueidiscompat/adapter.go:3960.76,3964.2 2 7
github.com/redis/rueidis/rueidiscompat/adapter.go:3965.110,3968.2 2 4
github.com/redis/rueidis/rueidiscompat/adapter.go:3970.79,3973.2 2 8
github.com/redis/rueidis/rueidiscompat/adapter.go:3975.72,3978.2 2 7
github.com/redis/rueidis/rueidiscompat/adapter.go:3980.72,3983.2 2 5
github.com/redis/rueidis/rueidiscompat/adapter.go:3985.131,3987.22 2 5
github.com/redis/rueidis/rueidiscompat/adapter.go:3987.22,3989.3 1 1
github.com/redis/rueidis/rueidiscompat/adapter.go:3990.2,3991.44 2 5
github.com/redis/rueidis/rueidiscompat/adapter.go:3994.103,3997.2 2 5
github.com/redis/rueidis/rueidiscompat/adapter.go:3999.95,4002.2 2 5
github.com/redis/rueidis/rueidiscompat/adapter.go:4004.75,4007.2 2 4
github.com/redis/rueidis/rueidiscompat/adapter.go:4009.98,4012.2 2 5
github.com/redis/rueidis/rueidiscompat/adapter.go:4014.121,4017.2 2 5
github.com/redis/rueidis/rueidiscompat/adapter.go:4021.103,4024.2 2 1260
github.com/redis/rueidis/rueidiscompat/adapter.go:4030.131,4036.28 2 16
github.com/redis/rueidis/rueidiscompat/adapter.go:4036.28,4038.3 1 1
github.com/redis/rueidis/rueidiscompat/adapter.go:4039.2,4039.28 1 16
github.com/redis/rueidis/rueidiscompat/adapter.go:4039.28,4041.3 1 5
github.com/redis/rueidis/rueidiscompat/adapter.go:4042.2,4042.26 1 16
github.com/redis/rueidis/rueidiscompat/adapter.go:4043.24,4044.28 1 16
github.com/redis/rueidis/rueidiscompat/adapter.go:4045.22,4046.30 1 0
github.com/redis/rueidis/rueidiscompat/adapter.go:4048.2,4048.35 1 16
github.com/redis/rueidis/rueidiscompat/adapter.go:4048.35,4049.34 1 9
github.com/redis/rueidis/rueidiscompat/adapter.go:4050.25,4051.27 1 0
github.com/redis/rueidis/rueidiscompat/adapter.go:4052.25,4053.27 1 2
github.com/redis/rueidis/rueidiscompat/adapter.go:4054.23,4055.26 1 2
github.com/redis/rueidis/rueidiscompat/adapter.go:4056.21,4057.25 1 2
github.com/redis/rueidis/rueidiscompat/adapter.go:4058.21,4059.25 1 3
github.com/redis/rueidis/rueidiscompat/adapter.go:4060.21,4061.25 1 0
github.com/redis/rueidis/rueidiscompat/adapter.go:4062.11,4063.127 1 0
github.com/redis/rueidis/rueidiscompat/adapter.go:4066.2,4066.27 1 16
github.com/redis/rueidis/rueidiscompat/adapter.go:4066.27,4068.36 2 5
github.com/redis/rueidis/rueidiscompat/adapter.go:4068.36,4070.4 1 6
github.com/redis/rueidis/rueidiscompat/adapter.go:4071.3,4071.33 1 5
github.com/redis/rueidis/rueidiscompat/adapter.go:4073.2,4074.41 2 16
github.com/redis/rueidis/rueidiscompat/adapter.go:4079.71,4082.2 2 21
github.com/redis/rueidis/rueidiscompat/adapter.go:4088.99,4090.28 2 25
github.com/redis/rueidis/rueidiscompat/adapter.go:4090.28,4092.3 1 5
github.com/redis/rueidis/rueidiscompat/adapter.go:4093.2,4093.28 1 25
github.com/redis/rueidis/rueidiscompat/adapter.go:4093.28,4095.3 1 1
github.com/redis/rueidis/rueidiscompat/adapter.go:4096.2,4096.28 1 25
github.com/redis/rueidis/rueidiscompat/adapter.go:4096.28,4098.3 1 0
github.com/redis/rueidis/rueidiscompat/adapter.go:4098.8,4100.3 1 25
github.com/redis/rueidis/rueidiscompat/adapter.go:4101.2,4101.35 1 25
github.com/redis/rueidis/rueidiscompat/adapter.go:4101.35,4102.34 1 5
github.com/redis/rueidis/rueidiscompat/adapter.go:4103.25,4104.31 1 1
github.com/redis/rueidis/rueidiscompat/adapter.go:4105.25,4106.31 1 1
github.com/redis/rueidis/rueidiscompat/adapter.go:4107.23,4108.30 1 1
github.com/redis/rueidis/rueidiscompat/adapter.go:4109.21,4110.29 1 1
github.com/redis/rueidis/rueidiscompat/adapter.go:4111.21,4112.29 1 1
github.com/redis/rueidis/rueidiscompat/adapter.go:4113.21,4114.29 1 0
github.com/redis/rueidis/rueidiscompat/adapter.go:4115.11,4116.127 1 0
github.com/redis/rueidis/rueidiscompat/adapter.go:4120.2,4120.27 1 25
github.com/redis/rueidis/rueidiscompat/adapter.go:4120.27,4122.36 2 18
github.com/redis/rueidis/rueidiscompat/adapter.go:4122.36,4124.4 1 26
github.com/redis/rueidis/rueidiscompat/adapter.go:4125.3,4125.34 1 18
github.com/redis/rueidis/rueidiscompat/adapter.go:4127.2,4128.44 2 25
github.com/redis/rueidis/rueidiscompat/adapter.go:4135.95,4137.20 2 6
github.com/redis/rueidis/rueidiscompat/adapter.go:4137.20,4138.29 1 6
github.com/redis/rueidis/rueidiscompat/adapter.go:4138.29,4140.4 1 1
github.com/redis/rueidis/rueidiscompat/adapter.go:4141.3,4141.29 1 6
github.com/redis/rueidis/rueidiscompat/adapter.go:4141.29,4143.4 1 0
github.com/redis/rueidis/rueidiscompat/adapter.go:4144.3,4144.36 1 6
github.com/redis/rueidis/rueidiscompat/adapter.go:4144.36,4145.35 1 4
github.com/redis/rueidis/rueidiscompat/adapter.go:4146.26,4147.32 1 0
github.com/redis/rueidis/rueidiscompat/adapter.go:4148.26,4149.32 1 0
github.com/redis/rueidis/rueidiscompat/adapter.go:4150.24,4151.31 1 0
github.com/redis/rueidis/rueidiscompat/adapter.go:4152.22,4153.30 1 4
github.com/redis/rueidis/rueidiscompat/adapter.go:4154.22,4155.30 1 0
github.com/redis/rueidis/rueidiscompat/adapter.go:4156.22,4157.30 1 0
github.com/redis/rueidis/rueidiscompat/adapter.go:4158.12,4159.128 1 0
github.com/redis/rueidis/rueidiscompat/adapter.go:4162.3,4162.28 1 6
github.com/redis/rueidis/rueidiscompat/adapter.go:4162.28,4164.45 2 1
github.com/redis/rueidis/rueidiscompat/adapter.go:4164.45,4166.5 1 1
github.com/redis/rueidis/rueidiscompat/adapter.go:4167.4,4167.34 1 1
github.com/redis/rueidis/rueidiscompat/adapter.go:4170.2,4171.44 2 6
github.com/redis/rueidis/rueidiscompat/adapter.go:4176.140,4179.20 3 12
github.com/redis/rueidis/rueidiscompat/adapter.go:4180.11,4181.76 1 4
github.com/redis/rueidis/rueidiscompat/adapter.go:4182.11,4183.76 1 8
github.com/redis/rueidis/rueidiscompat/adapter.go:4184.11,4185.76 1 0
github.com/redis/rueidis/rueidiscompat/adapter.go:4186.11,4187.76 1 0
github.com/redis/rueidis/rueidiscompat/adapter.go:4188.13,4189.78 1 0
github.com/redis/rueidis/rueidiscompat/adapter.go:4190.13,4191.78 1 0
github.com/redis/rueidis/rueidiscompat/adapter.go:4192.13,4193.78 1 0
github.com/redis/rueidis/rueidiscompat/adapter.go:4194.12,4195.77 1 0
github.com/redis/rueidis/rueidiscompat/adapter.go:4196.12,4197.77 1 0
github.com/redis/rueidis/rueidiscompat/adapter.go:4198.12,4199.77 1 0
github.com/redis/rueidis/rueidiscompat/adapter.go:4200.12,4201.77 1 0
github.com/redis/rueidis/rueidiscompat/adapter.go:4202.12,4203.77 1 0
github.com/redis/rueidis/rueidiscompat/adapter.go:4204.11,4205.76 1 0
github.com/redis/rueidis/rueidiscompat/adapter.go:4207.2,4207.44 1 12
github.com/redis/rueidis/rueidiscompat/adapter.go:4214.178,4217.20 3 3
github.com/redis/rueidis/rueidiscompat/adapter.go:4218.11,4219.73 1 3
github.com/redis/rueidis/rueidiscompat/adapter.go:4220.11,4221.73 1 0
github.com/redis/rueidis/rueidiscompat/adapter.go:4222.11,4223.73 1 0
github.com/redis/rueidis/rueidiscompat/adapter.go:4224.11,4225.73 1 0
github.com/redis/rueidis/rueidiscompat/adapter.go:4226.13,4227.75 1 0
github.com/redis/rueidis/rueidiscompat/adapter.go:4228.13,4229.75 1 0
github.com/redis/rueidis/rueidiscompat/adapter.go:4230.13,4231.75 1 0
github.com/redis/rueidis/rueidiscompat/adapter.go:4232.12,4233.74 1 0
github.com/redis/rueidis/rueidiscompat/adapter.go:4234.12,4235.74 1 0
github.com/redis/rueidis/rueidiscompat/adapter.go:4236.12,4237.74 1 0
github.com/redis/rueidis/rueidiscompat/adapter.go:4238.12,4239.74 1 0
github.com/redis/rueidis/rueidiscompat/adapter.go:4240.12,4241.74 1 0
github.com/redis/rueidis/rueidiscompat/adapter.go:4242.11,4243.73 1 0
github.com/redis/rueidis/rueidiscompat/adapter.go:4245.2,4245.51 1 3
github.com/redis/rueidis/rueidiscompat/adapter.go:4245.51,4247.3 1 3
github.com/redis/rueidis/rueidiscompat/adapter.go:4248.2,4249.44 2 3
github.com/redis/rueidis/rueidiscompat/adapter.go:4255.87,4258.2 2 103
github.com/redis/rueidis/rueidiscompat/adapter.go:4265.123,4267.20 2 6
github.com/redis/rueidis/rueidiscompat/adapter.go:4267.20,4268.29 1 6
github.com/redis/rueidis/rueidiscompat/adapter.go:4268.29,4270.4 1 5
github.com/redis/rueidis/rueidiscompat/adapter.go:4271.3,4271.29 1 6
github.com/redis/rueidis/rueidiscompat/adapter.go:4271.29,4273.4 1 0
github.com/redis/rueidis/rueidiscompat/adapter.go:4274.3,4274.29 1 6
github.com/redis/rueidis/rueidiscompat/adapter.go:4274.29,4276.4 1 1
github.com/redis/rueidis/rueidiscompat/adapter.go:4277.3,4277.27 1 6
github.com/redis/rueidis/rueidiscompat/adapter.go:4277.27,4279.4 1 0
github.com/redis/rueidis/rueidiscompat/adapter.go:4280.3,4280.28 1 6
github.com/redis/rueidis/rueidiscompat/adapter.go:4280.28,4282.45 2 0
github.com/redis/rueidis/rueidiscompat/adapter.go:4282.45,4284.5 1 0
github.com/redis/rueidis/rueidiscompat/adapter.go:4287.2,4288.41 2 6
github.com/redis/rueidis/rueidiscompat/adapter.go:4294.87,4297.2 2 103
github.com/redis/rueidis/rueidiscompat/adapter.go:4303.123,4305.20 2 5
github.com/redis/rueidis/rueidiscompat/adapter.go:4305.20,4306.29 1 5
github.com/redis/rueidis/rueidiscompat/adapter.go:4306.29,4308.4 1 4
github.com/redis/rueidis/rueidiscompat/adapter.go:4309.3,4309.29 1 5
github.com/redis/rueidis/rueidiscompat/adapter.go:4309.29,4311.4 1 0
github.com/redis/rueidis/rueidiscompat/adapter.go:4312.3,4312.29 1 5
github.com/redis/rueidis/rueidiscompat/adapter.go:4312.29,4314.4 1 1
github.com/redis/rueidis/rueidiscompat/adapter.go:4315.3,4315.27 1 5
github.com/redis/rueidis/rueidiscompat/adapter.go:4315.27,4317.4 1 0
github.com/redis/rueidis/rueidiscompat/adapter.go:4318.3,4318.28 1 5
github.com/redis/rueidis/rueidiscompat/adapter.go:4318.28,4320.45 2 0
github.com/redis/rueidis/rueidiscompat/adapter.go:4320.45,4322.5 1 0
github.com/redis/rueidis/rueidiscompat/adapter.go:4325.2,4326.41 2 5
github.com/redis/rueidis/rueidiscompat/adapter.go:4331.101,4334.2 2 4
github.com/redis/rueidis/rueidiscompat/adapter.go:4338.97,4341.2 2 4
github.com/redis/rueidis/rueidiscompat/adapter.go:4347.109,4349.38 2 4
github.com/redis/rueidis/rueidiscompat/adapter.go:4349.38,4351.3 1 4
github.com/redis/rueidis/rueidiscompat/adapter.go:4352.2,4352.63 1 4
github.com/redis/rueidis/rueidiscompat/adapter.go:4357.78,4360.2 2 15
github.com/redis/rueidis/rueidiscompat/adapter.go:4364.81,4367.2 2 21
github.com/redis/rueidis/rueidiscompat/adapter.go:4373.113,4375.37 2 3
github.com/redis/rueidis/rueidiscompat/adapter.go:4375.37,4378.3 1 3
github.com/redis/rueidis/rueidiscompat/adapter.go:4379.2,4380.56 2 3
github.com/redis/rueidis/rueidiscompat/adapter.go:4385.86,4387.32 2 4
github.com/redis/rueidis/rueidiscompat/adapter.go:4387.32,4389.17 2 9
github.com/redis/rueidis/rueidiscompat/adapter.go:4389.17,4390.14 1 0
github.com/redis/rueidis/rueidiscompat/adapter.go:4392.3,4393.17 2 9
github.com/redis/rueidis/rueidiscompat/adapter.go:4393.17,4394.14 1 0
github.com/redis/rueidis/rueidiscompat/adapter.go:4396.3,4396.50 1 9
github.com/redis/rueidis/rueidiscompat/adapter.go:4398.2,4399.46 2 4
github.com/redis/rueidis/rueidiscompat/adapter.go:4404.89,4407.2 2 5
github.com/redis/rueidis/rueidiscompat/adapter.go:4411.124,4414.2 2 3
github.com/redis/rueidis/rueidiscompat/adapter.go:4421.160,4423.20 2 15
github.com/redis/rueidis/rueidiscompat/adapter.go:4423.20,4424.21 1 15
github.com/redis/rueidis/rueidiscompat/adapter.go:4424.21,4426.4 1 2
github.com/redis/rueidis/rueidiscompat/adapter.go:4427.3,4427.32 1 15
github.com/redis/rueidis/rueidiscompat/adapter.go:4427.32,4429.42 2 1
github.com/redis/rueidis/rueidiscompat/adapter.go:4429.42,4431.5 1 10
github.com/redis/rueidis/rueidiscompat/adapter.go:4432.4,4432.27 1 1
github.com/redis/rueidis/rueidiscompat/adapter.go:4434.3,4434.35 1 15
github.com/redis/rueidis/rueidiscompat/adapter.go:4434.35,4435.39 1 1
github.com/redis/rueidis/rueidiscompat/adapter.go:4435.39,4436.125 1 0
github.com/redis/rueidis/rueidiscompat/adapter.go:4438.4,4438.92 1 1
github.com/redis/rueidis/rueidiscompat/adapter.go:4440.3,4440.25 1 15
github.com/redis/rueidis/rueidiscompat/adapter.go:4440.25,4442.4 1 4
github.com/redis/rueidis/rueidiscompat/adapter.go:4443.3,4443.27 1 15
github.com/redis/rueidis/rueidiscompat/adapter.go:4443.27,4445.4 1 6
github.com/redis/rueidis/rueidiscompat/adapter.go:4446.3,4446.30 1 15
github.com/redis/rueidis/rueidiscompat/adapter.go:4446.30,4447.30 1 8
github.com/redis/rueidis/rueidiscompat/adapter.go:4448.17,4449.10 1 0
github.com/redis/rueidis/rueidiscompat/adapter.go:4450.13,4451.26 1 1
github.com/redis/rueidis/rueidiscompat/adapter.go:4452.13,4453.26 1 0
github.com/redis/rueidis/rueidiscompat/adapter.go:4454.13,4455.26 1 0
github.com/redis/rueidis/rueidiscompat/adapter.go:4456.13,4457.26 1 4
github.com/redis/rueidis/rueidiscompat/adapter.go:4458.15,4459.28 1 0
github.com/redis/rueidis/rueidiscompat/adapter.go:4460.15,4461.28 1 2
github.com/redis/rueidis/rueidiscompat/adapter.go:4462.15,4463.28 1 0
github.com/redis/rueidis/rueidiscompat/adapter.go:4464.14,4465.27 1 0
github.com/redis/rueidis/rueidiscompat/adapter.go:4466.14,4467.27 1 0
github.com/redis/rueidis/rueidiscompat/adapter.go:4468.14,4469.27 1 0
github.com/redis/rueidis/rueidiscompat/adapter.go:4470.14,4471.27 1 0
github.com/redis/rueidis/rueidiscompat/adapter.go:4472.14,4473.27 1 0
github.com/redis/rueidis/rueidiscompat/adapter.go:4474.13,4475.26 1 1
github.com/redis/rueidis/rueidiscompat/adapter.go:4478.3,4478.34 1 15
github.com/redis/rueidis/rueidiscompat/adapter.go:4478.34,4480.4 1 8
github.com/redis/rueidis/rueidiscompat/adapter.go:4481.3,4481.37 1 15
github.com/redis/rueidis/rueidiscompat/adapter.go:4481.37,4483.4 1 1
github.com/redis/rueidis/rueidiscompat/adapter.go:4484.3,4484.20 1 15
github.com/redis/rueidis/rueidiscompat/adapter.go:4484.20,4486.4 1 1
github.com/redis/rueidis/rueidiscompat/adapter.go:4488.2,4489.59 2 15
github.com/redis/rueidis/rueidiscompat/adapter.go:4494.121,4497.2 2 11
github.com/redis/rueidis/rueidiscompat/adapter.go:4504.154,4506.20 2 12
github.com/redis/rueidis/rueidiscompat/adapter.go:4506.20,4507.21 1 12
github.com/redis/rueidis/rueidiscompat/adapter.go:4507.21,4509.4 1 1
github.com/redis/rueidis/rueidiscompat/adapter.go:4510.3,4510.32 1 12
github.com/redis/rueidis/rueidiscompat/adapter.go:4510.32,4512.42 2 1
github.com/redis/rueidis/rueidiscompat/adapter.go:4512.42,4514.5 1 10
github.com/redis/rueidis/rueidiscompat/adapter.go:4515.4,4515.27 1 1
github.com/redis/rueidis/rueidiscompat/adapter.go:4517.3,4517.35 1 12
github.com/redis/rueidis/rueidiscompat/adapter.go:4517.35,4518.39 1 1
github.com/redis/rueidis/rueidiscompat/adapter.go:4518.39,4519.125 1 0
github.com/redis/rueidis/rueidiscompat/adapter.go:4521.4,4521.92 1 1
github.com/redis/rueidis/rueidiscompat/adapter.go:4523.3,4523.25 1 12
github.com/redis/rueidis/rueidiscompat/adapter.go:4523.25,4525.4 1 3
github.com/redis/rueidis/rueidiscompat/adapter.go:4526.3,4526.27 1 12
github.com/redis/rueidis/rueidiscompat/adapter.go:4526.27,4528.4 1 6
github.com/redis/rueidis/rueidiscompat/adapter.go:4529.3,4529.30 1 12
github.com/redis/rueidis/rueidiscompat/adapter.go:4529.30,4530.30 1 7
github.com/redis/rueidis/rueidiscompat/adapter.go:4531.17,4532.10 1 0
github.com/redis/rueidis/rueidiscompat/adapter.go:4533.13,4534.26 1 0
github.com/redis/rueidis/rueidiscompat/adapter.go:4535.13,4536.26 1 0
github.com/redis/rueidis/rueidiscompat/adapter.go:4537.13,4538.26 1 0
github.com/redis/rueidis/rueidiscompat/adapter.go:4539.13,4540.26 1 4
github.com/redis/rueidis/rueidiscompat/adapter.go:4541.15,4542.28 1 0
github.com/redis/rueidis/rueidiscompat/adapter.go:4543.15,4544.28 1 2
github.com/redis/rueidis/rueidiscompat/adapter.go:4545.15,4546.28 1 0
github.com/redis/rueidis/rueidiscompat/adapter.go:4547.14,4548.27 1 0
github.com/redis/rueidis/rueidiscompat/adapter.go:4549.14,4550.27 1 0
github.com/redis/rueidis/rueidiscompat/adapter.go:4551.14,4552.27 1 0
github.com/redis/rueidis/rueidiscompat/adapter.go:4553.14,4554.27 1 0
github.com/redis/rueidis/rueidiscompat/adapter.go:4555.14,4556.27 1 0
github.com/redis/rueidis/rueidiscompat/adapter.go:4557.13,4558.26 1 1
github.com/redis/rueidis/rueidiscompat/adapter.go:4561.3,4561.34 1 12
github.com/redis/rueidis/rueidiscompat/adapter.go:4561.34,4563.4 1 7
github.com/redis/rueidis/rueidiscompat/adapter.go:4564.3,4564.37 1 12
[...]
github.com/redis/rueidis/rueidiscompat/pipeline.go:2962.90,2966.2 3 3
github.com/redis/rueidis/rueidiscompat/pipeline.go:2968.90,2972.2 3 3
github.com/redis/rueidis/rueidiscompat/pipeline.go:2974.82,2978.2 3 3
github.com/redis/rueidis/rueidiscompat/pipeline.go:2980.65,2984.2 3 0
github.com/redis/rueidis/rueidiscompat/pipeline.go:2985.104,2989.2 3 0
github.com/redis/rueidis/rueidiscompat/pipeline.go:2991.132,2995.2 3 0
github.com/redis/rueidis/rueidiscompat/pipeline.go:2997.91,3001.2 3 0
github.com/redis/rueidis/rueidiscompat/pipeline.go:3003.77,3007.2 3 0
github.com/redis/rueidis/rueidiscompat/pipeline.go:3009.94,3013.2 3 0
github.com/redis/rueidis/rueidiscompat/pipeline.go:3015.121,3019.2 3 0
github.com/redis/rueidis/rueidiscompat/pipeline.go:3021.94,3025.2 3 0
github.com/redis/rueidis/rueidiscompat/pipeline.go:3027.98,3031.2 3 0
github.com/redis/rueidis/rueidiscompat/pipeline.go:3033.125,3037.2 3 0
github.com/redis/rueidis/rueidiscompat/pipeline.go:3039.92,3043.2 3 0
github.com/redis/rueidis/rueidiscompat/pipeline.go:3045.116,3049.2 3 0
github.com/redis/rueidis/rueidiscompat/pipeline.go:3051.93,3055.2 3 0
github.com/redis/rueidis/rueidiscompat/pipeline.go:3057.93,3061.2 3 0
github.com/redis/rueidis/rueidiscompat/pipeline.go:3063.81,3067.2 3 0
github.com/redis/rueidis/rueidiscompat/pipeline.go:3069.78,3073.2 3 0
github.com/redis/rueidis/rueidiscompat/pipeline.go:3075.115,3079.2 3 0
github.com/redis/rueidis/rueidiscompat/pipeline.go:3081.90,3085.2 3 0
github.com/redis/rueidis/rueidiscompat/pipeline.go:3087.125,3091.2 3 0
github.com/redis/rueidis/rueidiscompat/pipeline.go:3093.73,3097.2 3 0
github.com/redis/rueidis/rueidiscompat/pipeline.go:3099.99,3103.2 3 0
github.com/redis/rueidis/rueidiscompat/pipeline.go:3105.137,3109.2 3 0
github.com/redis/rueidis/rueidiscompat/pipeline.go:3111.91,3115.2 3 0
github.com/redis/rueidis/rueidiscompat/pipeline.go:3117.125,3121.2 3 0
github.com/redis/rueidis/rueidiscompat/pipeline.go:3123.79,3127.2 3 0
github.com/redis/rueidis/rueidiscompat/pipeline.go:3129.123,3133.2 3 0
github.com/redis/rueidis/rueidiscompat/pipeline.go:3135.160,3139.2 3 0
github.com/redis/rueidis/rueidiscompat/pipeline.go:3141.95,3145.2 3 0
github.com/redis/rueidis/rueidiscompat/pipeline.go:3147.91,3151.2 3 3
github.com/redis/rueidis/rueidiscompat/pipeline.go:3154.30,3156.2 1 12
github.com/redis/rueidis/rueidiscompat/pipeline.go:3159.68,3161.20 2 0
github.com/redis/rueidis/rueidiscompat/pipeline.go:3161.20,3164.3 2 0
github.com/redis/rueidis/rueidiscompat/pipeline.go:3165.2,3167.19 3 0
github.com/redis/rueidis/rueidiscompat/pipeline.go:3167.19,3169.30 2 0
github.com/redis/rueidis/rueidiscompat/pipeline.go:3169.30,3171.4 1 0
github.com/redis/rueidis/rueidiscompat/pipeline.go:3173.2,3175.12 3 0
github.com/redis/rueidis/rueidiscompat/pipeline.go:3179.30,3183.2 3 4
github.com/redis/rueidis/rueidiscompat/pipeline.go:3191.63,3193.22 2 6
github.com/redis/rueidis/rueidiscompat/pipeline.go:3193.22,3195.3 1 2
github.com/redis/rueidis/rueidiscompat/pipeline.go:3197.2,3203.44 6 4
github.com/redis/rueidis/rueidiscompat/pipeline.go:3203.44,3204.31 1 8
github.com/redis/rueidis/rueidiscompat/pipeline.go:3204.31,3206.4 1 0
github.com/redis/rueidis/rueidiscompat/pipeline.go:3207.3,3207.18 1 8
github.com/redis/rueidis/rueidiscompat/pipeline.go:3210.2,3210.18 1 4
github.com/redis/rueidis/rueidiscompat/pipeline.go:3213.94,3214.30 1 2
github.com/redis/rueidis/rueidiscompat/pipeline.go:3214.30,3216.3 1 0
github.com/redis/rueidis/rueidiscompat/pipeline.go:3217.2,3217.20 1 2
github.com/redis/rueidis/rueidiscompat/pipeline.go:3220.41,3222.2 1 1
github.com/redis/rueidis/rueidiscompat/pipeline.go:3224.96,3226.2 1 0
github.com/redis/rueidis/rueidiscompat/pipeline.go:3228.43,3230.2 1 1
github.com/redis/rueidis/rueidiscompat/pubsub.go:65.46,66.24 1 2
github.com/redis/rueidis/rueidiscompat/pubsub.go:66.24,68.3 1 1
github.com/redis/rueidis/rueidiscompat/pubsub.go:72.68,73.24 1 1
github.com/redis/rueidis/rueidiscompat/pubsub.go:73.25,73.26 0 0
github.com/redis/rueidis/rueidiscompat/pubsub.go:77.60,78.24 1 0
github.com/redis/rueidis/rueidiscompat/pubsub.go:78.25,78.26 0 0
github.com/redis/rueidis/rueidiscompat/pubsub.go:91.40,93.2 1 1
github.com/redis/rueidis/rueidiscompat/pubsub.go:103.35,105.2 1 1
github.com/redis/rueidis/rueidiscompat/pubsub.go:107.47,114.2 1 14
github.com/redis/rueidis/rueidiscompat/pubsub.go:130.50,131.17 1 31
github.com/redis/rueidis/rueidiscompat/pubsub.go:131.17,133.3 1 14
github.com/redis/rueidis/rueidiscompat/pubsub.go:134.2,134.13 1 31
github.com/redis/rueidis/rueidiscompat/pubsub.go:137.32,140.22 3 15
github.com/redis/rueidis/rueidiscompat/pubsub.go:140.22,145.3 4 14
github.com/redis/rueidis/rueidiscompat/pubsub.go:146.2,149.12 4 15
github.com/redis/rueidis/rueidiscompat/pubsub.go:152.75,153.24 1 10
github.com/redis/rueidis/rueidiscompat/pubsub.go:153.24,155.3 1 1
github.com/redis/rueidis/rueidiscompat/pubsub.go:157.2,162.35 4 9
github.com/redis/rueidis/rueidiscompat/pubsub.go:162.35,164.3 1 12
github.com/redis/rueidis/rueidiscompat/pubsub.go:166.2,167.74 2 9
github.com/redis/rueidis/rueidiscompat/pubsub.go:170.76,171.24 1 3
github.com/redis/rueidis/rueidiscompat/pubsub.go:171.24,173.3 1 0
github.com/redis/rueidis/rueidiscompat/pubsub.go:175.2,180.35 4 3
github.com/redis/rueidis/rueidiscompat/pubsub.go:180.35,182.3 1 3
github.com/redis/rueidis/rueidiscompat/pubsub.go:184.2,185.75 2 3
github.com/redis/rueidis/rueidiscompat/pubsub.go:188.76,189.24 1 2
github.com/redis/rueidis/rueidiscompat/pubsub.go:189.24,191.3 1 0
github.com/redis/rueidis/rueidiscompat/pubsub.go:193.2,198.50 4 2
github.com/redis/rueidis/rueidiscompat/pubsub.go:198.50,200.3 1 0
github.com/redis/rueidis/rueidiscompat/pubsub.go:202.2,202.35 1 2
github.com/redis/rueidis/rueidiscompat/pubsub.go:202.35,204.3 1 4
github.com/redis/rueidis/rueidiscompat/pubsub.go:206.2,207.75 2 2
github.com/redis/rueidis/rueidiscompat/pubsub.go:210.77,211.24 1 1
github.com/redis/rueidis/rueidiscompat/pubsub.go:211.24,213.3 1 0
github.com/redis/rueidis/rueidiscompat/pubsub.go:215.2,218.35 3 1
github.com/redis/rueidis/rueidiscompat/pubsub.go:218.35,220.3 1 2
github.com/redis/rueidis/rueidiscompat/pubsub.go:222.2,223.76 2 1
github.com/redis/rueidis/rueidiscompat/pubsub.go:226.78,227.24 1 1
github.com/redis/rueidis/rueidiscompat/pubsub.go:227.24,229.3 1 0
github.com/redis/rueidis/rueidiscompat/pubsub.go:231.2,234.35 3 1
github.com/redis/rueidis/rueidiscompat/pubsub.go:234.35,236.3 1 1
github.com/redis/rueidis/rueidiscompat/pubsub.go:238.2,239.77 2 1
github.com/redis/rueidis/rueidiscompat/pubsub.go:242.78,243.24 1 1
github.com/redis/rueidis/rueidiscompat/pubsub.go:243.24,245.3 1 0
github.com/redis/rueidis/rueidiscompat/pubsub.go:247.2,250.35 3 1
github.com/redis/rueidis/rueidiscompat/pubsub.go:250.35,252.3 1 2
github.com/redis/rueidis/rueidiscompat/pubsub.go:254.2,255.77 2 1
github.com/redis/rueidis/rueidiscompat/pubsub.go:258.61,260.2 1 0
github.com/redis/rueidis/rueidiscompat/pubsub.go:262.26,263.22 1 0
github.com/redis/rueidis/rueidiscompat/pubsub.go:263.22,267.3 3 0
github.com/redis/rueidis/rueidiscompat/pubsub.go:268.2,268.34 1 0
github.com/redis/rueidis/rueidiscompat/pubsub.go:268.34,270.3 1 0
github.com/redis/rueidis/rueidiscompat/pubsub.go:271.2,271.34 1 0
github.com/redis/rueidis/rueidiscompat/pubsub.go:271.34,273.3 1 0
github.com/redis/rueidis/rueidiscompat/pubsub.go:274.2,274.36 1 0
github.com/redis/rueidis/rueidiscompat/pubsub.go:274.36,276.3 1 0
github.com/redis/rueidis/rueidiscompat/pubsub.go:279.75,282.1 3 14
github.com/redis/rueidis/rueidiscompat/pubsub.go:283.2,285.27 3 14
github.com/redis/rueidis/rueidiscompat/pubsub.go:285.27,287.40 2 0
github.com/redis/rueidis/rueidiscompat/pubsub.go:287.40,288.11 1 0
github.com/redis/rueidis/rueidiscompat/pubsub.go:288.11,291.5 2 0
github.com/redis/rueidis/rueidiscompat/pubsub.go:293.3,293.54 1 0
github.com/redis/rueidis/rueidiscompat/pubsub.go:293.54,294.57 1 0
github.com/redis/rueidis/rueidiscompat/pubsub.go:294.57,296.15 2 0
github.com/redis/rueidis/rueidiscompat/pubsub.go:298.4,298.13 1 0
github.com/redis/rueidis/rueidiscompat/pubsub.go:301.2,301.26 1 14
github.com/redis/rueidis/rueidiscompat/pubsub.go:301.26,303.39 2 0
github.com/redis/rueidis/rueidiscompat/pubsub.go:303.39,304.11 1 0
github.com/redis/rueidis/rueidiscompat/pubsub.go:304.11,307.5 2 0
github.com/redis/rueidis/rueidiscompat/pubsub.go:309.3,309.54 1 0
github.com/redis/rueidis/rueidiscompat/pubsub.go:309.54,310.57 1 0
github.com/redis/rueidis/rueidiscompat/pubsub.go:310.57,312.15 2 0
github.com/redis/rueidis/rueidiscompat/pubsub.go:314.4,314.13 1 0
github.com/redis/rueidis/rueidiscompat/pubsub.go:317.2,317.26 1 14
github.com/redis/rueidis/rueidiscompat/pubsub.go:317.26,319.39 2 0
github.com/redis/rueidis/rueidiscompat/pubsub.go:319.39,320.11 1 0
github.com/redis/rueidis/rueidiscompat/pubsub.go:320.11,323.5 2 0
github.com/redis/rueidis/rueidiscompat/pubsub.go:325.3,325.54 1 0
github.com/redis/rueidis/rueidiscompat/pubsub.go:325.54,326.57 1 0
github.com/redis/rueidis/rueidiscompat/pubsub.go:326.57,328.15 2 0
github.com/redis/rueidis/rueidiscompat/pubsub.go:330.4,330.13 1 0
github.com/redis/rueidis/rueidiscompat/pubsub.go:333.2,333.9 1 14
github.com/redis/rueidis/rueidiscompat/pubsub.go:333.9,334.73 1 0
github.com/redis/rueidis/rueidiscompat/pubsub.go:334.73,336.14 2 0
github.com/redis/rueidis/rueidiscompat/pubsub.go:339.2,339.10 1 14
github.com/redis/rueidis/rueidiscompat/pubsub.go:342.90,346.9 3 119
github.com/redis/rueidis/rueidiscompat/pubsub.go:347.43,348.15 1 116
github.com/redis/rueidis/rueidiscompat/pubsub.go:348.15,350.4 1 0
github.com/redis/rueidis/rueidiscompat/pubsub.go:351.3,351.16 1 116
github.com/redis/rueidis/rueidiscompat/pubsub.go:352.20,353.24 1 3
github.com/redis/rueidis/rueidiscompat/pubsub.go:357.58,359.14 2 0
github.com/redis/rueidis/rueidiscompat/pubsub.go:359.14,361.3 1 0
github.com/redis/rueidis/rueidiscompat/pubsub.go:362.2,362.15 1 0
github.com/redis/rueidis/rueidiscompat/pubsub.go:365.70,367.14 2 4
github.com/redis/rueidis/rueidiscompat/pubsub.go:367.14,369.3 1 1
github.com/redis/rueidis/rueidiscompat/pubsub.go:370.2,370.15 1 3
github.com/redis/rueidis/rueidiscompat/pubsub.go:373.65,377.20 4 6
github.com/redis/rueidis/rueidiscompat/pubsub.go:377.20,379.3 1 1
github.com/redis/rueidis/rueidiscompat/pubsub.go:380.2,382.12 3 5
github.com/redis/rueidis/rueidiscompat/pubsub.go:382.12,383.21 1 5
github.com/redis/rueidis/rueidiscompat/pubsub.go:383.21,384.35 1 9
github.com/redis/rueidis/rueidiscompat/pubsub.go:384.35,386.5 1 5
github.com/redis/rueidis/rueidiscompat/pubsub.go:388.3,389.23 2 5
github.com/redis/rueidis/rueidiscompat/pubsub.go:389.23,391.4 1 5
github.com/redis/rueidis/rueidiscompat/pubsub.go:392.3,393.15 2 5
github.com/redis/rueidis/rueidiscompat/pubsub.go:395.2,395.14 1 5
github.com/redis/rueidis/rueidiscompat/pubsub.go:398.77,400.20 2 139
github.com/redis/rueidis/rueidiscompat/pubsub.go:400.20,403.3 2 125
github.com/redis/rueidis/rueidiscompat/pubsub.go:404.2,405.26 2 14
github.com/redis/rueidis/rueidiscompat/pubsub.go:405.26,407.3 1 0
github.com/redis/rueidis/rueidiscompat/pubsub.go:408.2,412.37 4 14
github.com/redis/rueidis/rueidiscompat/pubsub.go:412.37,415.45 2 14
github.com/redis/rueidis/rueidiscompat/pubsub.go:415.45,421.12 2 110
github.com/redis/rueidis/rueidiscompat/pubsub.go:422.23,422.23 0 110
github.com/redis/rueidis/rueidiscompat/pubsub.go:423.13,423.13 0 0
github.com/redis/rueidis/rueidiscompat/pubsub.go:426.55,432.12 2 24
github.com/redis/rueidis/rueidiscompat/pubsub.go:433.23,433.23 0 24
github.com/redis/rueidis/rueidiscompat/pubsub.go:434.13,434.13 0 0
github.com/redis/rueidis/rueidiscompat/pubsub.go:439.2,439.29 1 14
github.com/redis/rueidis/rueidiscompat/pubsub.go:439.29,440.7 1 14
github.com/redis/rueidis/rueidiscompat/pubsub.go:440.7,441.33 1 14
github.com/redis/rueidis/rueidiscompat/pubsub.go:441.33,443.25 2 14
github.com/redis/rueidis/rueidiscompat/pubsub.go:443.25,445.6 1 14
github.com/redis/rueidis/rueidiscompat/pubsub.go:446.5,448.11 3 14
github.com/redis/rueidis/rueidiscompat/pubsub.go:450.4,453.24 4 0
github.com/redis/rueidis/rueidiscompat/pubsub.go:457.2,457.14 1 14
github.com/redis/rueidis/rueidiscompat/pubsub.go:460.34,465.2 4 1
github.com/redis/rueidis/rueidiscompat/pubsub.go:467.42,470.19 3 3
github.com/redis/rueidis/rueidiscompat/pubsub.go:470.19,473.3 2 1
github.com/redis/rueidis/rueidiscompat/pubsub.go:474.2,474.10 1 3
github.com/redis/rueidis/rueidiscompat/script.go:54.36,61.2 3 0
github.com/redis/rueidis/rueidiscompat/script.go:63.32,65.2 1 0
github.com/redis/rueidis/rueidiscompat/script.go:67.67,69.2 1 0
github.com/redis/rueidis/rueidiscompat/script.go:71.72,73.2 1 0
github.com/redis/rueidis/rueidiscompat/script.go:75.97,77.2 1 0
github.com/redis/rueidis/rueidiscompat/script.go:79.99,81.2 1 0
github.com/redis/rueidis/rueidiscompat/script.go:83.100,85.2 1 0
github.com/redis/rueidis/rueidiscompat/script.go:87.102,89.2 1 0
github.com/redis/rueidis/rueidiscompat/script.go:93.96,95.32 2 0
github.com/redis/rueidis/rueidiscompat/script.go:95.32,98.41 3 0
github.com/redis/rueidis/rueidiscompat/script.go:98.41,100.4 1 0
github.com/redis/rueidis/rueidiscompat/script.go:102.2,102.10 1 0
github.com/redis/rueidis/rueidiscompat/script.go:107.98,109.32 2 0
github.com/redis/rueidis/rueidiscompat/script.go:109.32,112.41 3 0
github.com/redis/rueidis/rueidiscompat/script.go:112.41,114.4 1 0
github.com/redis/rueidis/rueidiscompat/script.go:116.2,116.10 1 0
github.com/redis/rueidis/rueidiscompat/structmap.go:43.32,45.2 1 1
github.com/redis/rueidis/rueidiscompat/structmap.go:47.53,48.30 1 75
github.com/redis/rueidis/rueidiscompat/structmap.go:48.30,50.3 1 63
github.com/redis/rueidis/rueidiscompat/structmap.go:52.2,54.13 3 12
github.com/redis/rueidis/rueidiscompat/structmap.go:64.55,66.2 1 76
github.com/redis/rueidis/rueidiscompat/structmap.go:68.65,74.32 3 12
github.com/redis/rueidis/rueidiscompat/structmap.go:74.32,78.30 3 78
github.com/redis/rueidis/rueidiscompat/structmap.go:78.30,79.12 1 2
github.com/redis/rueidis/rueidiscompat/structmap.go:82.3,83.16 2 76
github.com/redis/rueidis/rueidiscompat/structmap.go:83.16,84.12 1 0
github.com/redis/rueidis/rueidiscompat/structmap.go:93.3,93.39 1 76
github.com/redis/rueidis/rueidiscompat/structmap.go:93.39,95.4 1 15
github.com/redis/rueidis/rueidiscompat/structmap.go:95.9,98.4 1 61
github.com/redis/rueidis/rueidiscompat/structmap.go:101.2,101.12 1 12
github.com/redis/rueidis/rueidiscompat/structmap.go:119.59,121.9 2 258
github.com/redis/rueidis/rueidiscompat/structmap.go:121.9,123.3 1 16
github.com/redis/rueidis/rueidiscompat/structmap.go:125.2,128.24 3 242
github.com/redis/rueidis/rueidiscompat/structmap.go:128.24,130.3 1 9
github.com/redis/rueidis/rueidiscompat/structmap.go:131.2,131.52 1 242
github.com/redis/rueidis/rueidiscompat/structmap.go:131.52,134.3 2 231
github.com/redis/rueidis/rueidiscompat/structmap.go:136.2,136.59 1 242
github.com/redis/rueidis/rueidiscompat/structmap.go:136.59,137.39 1 8
github.com/redis/rueidis/rueidiscompat/structmap.go:138.16,139.32 1 5
github.com/redis/rueidis/rueidiscompat/structmap.go:140.33,141.44 1 3
github.com/redis/rueidis/rueidiscompat/structmap.go:145.2,145.11 1 234
github.com/redis/rueidis/rueidiscompat/structmap.go:145.11,147.3 1 232
github.com/redis/rueidis/rueidiscompat/structmap.go:149.2,149.43 1 234
github.com/redis/rueidis/rueidiscompat/structmap.go:149.43,153.3 2 17
github.com/redis/rueidis/rueidiscompat/structmap.go:154.2,154.12 1 217
github.com/redis/rueidis/rueidiscompat/tx.go:18.53,20.2 1 12
github.com/redis/rueidis/rueidiscompat/tx.go:26.65,28.22 2 12
github.com/redis/rueidis/rueidiscompat/tx.go:28.22,30.3 1 2
github.com/redis/rueidis/rueidiscompat/tx.go:32.2,38.38 6 10
github.com/redis/rueidis/rueidiscompat/tx.go:38.38,41.3 2 16
github.com/redis/rueidis/rueidiscompat/tx.go:43.2,45.29 3 10
github.com/redis/rueidis/rueidiscompat/tx.go:45.29,47.3 1 2
github.com/redis/rueidis/rueidiscompat/tx.go:48.2,48.28 1 10
github.com/redis/rueidis/rueidiscompat/tx.go:48.28,53.3 1 12
github.com/redis/rueidis/rueidiscompat/tx.go:54.2,54.18 1 10
github.com/redis/rueidis/rueidiscompat/tx.go:57.96,58.30 1 8
github.com/redis/rueidis/rueidiscompat/tx.go:58.30,60.3 1 0
github.com/redis/rueidis/rueidiscompat/tx.go:61.2,61.20 1 8
github.com/redis/rueidis/rueidiscompat/tx.go:64.43,66.2 1 0
github.com/redis/rueidis/rueidiscompat/tx.go:68.98,70.2 1 0
github.com/redis/rueidis/rueidiscompat/tx.go:72.45,74.2 1 0
github.com/redis/rueidis/rueidiscompat/tx.go:82.111,83.26 1 0
github.com/redis/rueidis/rueidiscompat/tx.go:86.107,87.26 1 0
github.com/redis/rueidis/rueidiscompat/tx.go:90.94,91.26 1 0
github.com/redis/rueidis/rueidiscompat/tx.go:94.107,95.26 1 0
github.com/redis/rueidis/rueidiscompat/tx.go:98.80,99.26 1 0
github.com/redis/rueidis/rueidiscompat/tx.go:102.78,103.26 1 0
github.com/redis/rueidis/rueidiscompat/tx.go:106.53,107.26 1 0
github.com/redis/rueidis/rueidiscompat/tx.go:110.45,111.26 1 0
github.com/redis/rueidis/rueidiscompat/tx.go:121.63,123.2 1 12
github.com/redis/rueidis/rueidiscompat/tx.go:130.68,132.20 2 6
github.com/redis/rueidis/rueidiscompat/tx.go:132.20,135.3 2 6
github.com/redis/rueidis/rueidiscompat/tx.go:136.2,136.12 1 6
github.com/redis/rueidis/rueidiscompat/tx.go:139.67,144.2 4 2
github.com/redis/rueidis/rueidiscompat/tx.go:146.45,149.2 2 2
github.com/redis/rueidis/rueidiscompat/util.go:35.31,36.16 1 5856
github.com/redis/rueidis/rueidiscompat/util.go:36.16,38.3 1 4298
github.com/redis/rueidis/rueidiscompat/util.go:40.2,41.19 2 1558
github.com/redis/rueidis/rueidiscompat/util.go:41.19,43.27 2 9187
github.com/redis/rueidis/rueidiscompat/util.go:43.27,45.4 1 8656
github.com/redis/rueidis/rueidiscompat/util.go:46.3,46.11 1 9187
github.com/redis/rueidis/rueidiscompat/util.go:48.2,48.25 1 1558
github.com/redis/rueidis/rueidiscompat/util.go:51.37,53.2 1 1558
github.com/redis/rueidis/rueidiscompat/util.go:55.37,57.2 1 1
github.com/redis/rueidis/rueidiscompat/util.go:59.29,60.30 1 5856
github.com/redis/rueidis/rueidiscompat/util.go:60.30,62.27 2 36944
github.com/redis/rueidis/rueidiscompat/util.go:62.27,64.4 1 1558
github.com/redis/rueidis/rueidiscompat/util.go:66.2,66.13 1 4298
github.com/redis/rueidis/rueidiscompat/util.go:69.37,75.25 3 3
github.com/redis/rueidis/rueidiscompat/util.go:75.25,76.18 1 26
github.com/redis/rueidis/rueidiscompat/util.go:76.18,79.4 1 4
github.com/redis/rueidis/rueidiscompat/util.go:79.9,82.4 1 22
github.com/redis/rueidis/rueidiscompat/util.go:85.2,85.25 1 3
github.com/redis/rueidis/rueidiscompat/util.go:88.34,90.15 2 5
github.com/redis/rueidis/rueidiscompat/util.go:90.15,92.3 1 2
github.com/redis/rueidis/rueidiscompat/util.go:94.2,94.40 1 3
github.com/redis/rueidis/rueidiscompat/util.go:94.40,96.3 1 1
github.com/redis/rueidis/rueidiscompat/util.go:98.2,98.20 1 2
github.com/redis/rueidis/rueidiscompat/util.go:98.20,100.3 1 1
github.com/redis/rueidis/rueidiscompat/util.go:101.2,101.51 1 1
github.com/redis/rueidis/rueidiscompat/util.go:104.37,105.25 1 1338
github.com/redis/rueidis/rueidiscompat/util.go:106.11,107.11 1 1
github.com/redis/rueidis/rueidiscompat/util.go:108.13,109.16 1 996
github.com/redis/rueidis/rueidiscompat/util.go:110.14,112.11 2 331
github.com/redis/rueidis/rueidiscompat/util.go:113.10,114.11 1 10
github.com/redis/rueidis/rueidiscompat/util.go:118.39,119.25 1 710
github.com/redis/rueidis/rueidiscompat/util.go:120.15,121.11 1 89
github.com/redis/rueidis/rueidiscompat/util.go:122.14,124.11 2 618
github.com/redis/rueidis/rueidiscompat/util.go:125.10,126.13 1 3
github.com/redis/rueidis/rueidiscompat/util.go:130.39,131.33 1 7099
github.com/redis/rueidis/rueidiscompat/util.go:131.33,133.3 1 7006
github.com/redis/rueidis/rueidiscompat/util.go:134.2,134.11 1 93
github.com/redis/rueidis/rueidiscompat/util.go:137.46,138.40 1 107
github.com/redis/rueidis/rueidiscompat/util.go:138.40,140.25 2 106
github.com/redis/rueidis/rueidiscompat/util.go:140.25,142.4 1 57
github.com/redis/rueidis/rueidiscompat/util.go:143.3,143.16 1 106
github.com/redis/rueidis/rueidiscompat/util.go:145.2,145.12 1 1
